#
# There is insufficient memory for the Java Runtime Environment to continue.
# Native memory allocation (mmap) failed to map 99614720 bytes for Failed to commit area from 0x00000000b6e00000 to 0x00000000bcd00000 of length 99614720.
# Possible reasons:
#   The system is out of physical RAM or swap space
#   The process is running with CompressedOops enabled, and the Java Heap may be blocking the growth of the native heap
# Possible solutions:
#   Reduce memory load on the system
#   Increase physical memory or swap space
#   Check if swap backing store is full
#   Decrease Java heap size (-Xmx/-Xms)
#   Decrease number of Java threads
#   Decrease Java thread stack sizes (-Xss)
#   Set larger code cache with -XX:ReservedCodeCacheSize=
#   JVM is running with Unscaled Compressed Oops mode in which the Java heap is
#     placed in the first 4GB address space. The Java Heap base address is the
#     maximum limit for the native heap growth. Please use -XX:HeapBaseMinAddress
#     to set the Java Heap base and to place the Java Heap above 4GB virtual address.
# This output file may be truncated or incomplete.
#
#  Out of Memory Error (./open/src/hotspot/os/windows/os_windows.cpp:3315), pid=7176, tid=6916
#
# JRE version: OpenJDK Runtime Environment (14.0.2+12) (build 14.0.2+12-46)
# Java VM: OpenJDK 64-Bit Server VM (14.0.2+12-46, mixed mode, tiered, compressed oops, g1 gc, windows-amd64)
# No core dump will be written. Minidumps are not enabled by default on client versions of Windows
#

---------------  S U M M A R Y ------------

Command Line: -Dfile.encoding=UTF-8 -XX:+ShowCodeDetailsInExceptionMessages AS2_Main

Host: Intel(R) Core(TM) i5-3320M CPU @ 2.60GHz, 4 cores, 4G,  Windows 10 , 64 bit Build 19041 (10.0.19041.1348)
Time: Sun Nov 28 22:55:58 2021 SE Asia Standard Time elapsed time: 7 seconds (0d 0h 0m 7s)

---------------  T H R E A D  ---------------

Current thread (0x000001737b7cb000):  VMThread "VM Thread" [stack: 0x000000704b500000,0x000000704b600000] [id=6916]

Stack: [0x000000704b500000,0x000000704b600000]
[error occurred during error reporting (printing stack bounds), id 0xc0000005, EXCEPTION_ACCESS_VIOLATION (0xc0000005) at pc=0x00000173000010ad]

Native frames: (J=compiled Java code, j=interpreted, Vv=VM code, C=native code)
V  [jvm.dll+0x5f8a9a]
V  [jvm.dll+0x74247a]
V  [jvm.dll+0x743c2f]
V  [jvm.dll+0x7441d5]
V  [jvm.dll+0x74418b]
V  [jvm.dll+0x5f7f6f]
V  [jvm.dll+0x5f8738]
C  [ntdll.dll+0xa20cf]
C  [ntdll.dll+0x51454]
C  [ntdll.dll+0xa0bfe]
C  0x00000173000010ad

VM_Operation (0x000000704affd800): G1CollectForAllocation, mode: safepoint, requested by thread 0x00000173727f7000


---------------  P R O C E S S  ---------------

Threads class SMR info:
_java_thread_list=0x000001737c2af2d0, length=11, elements={
0x00000173727f7000, 0x000001737b7f2000, 0x000001737b7fb000, 0x000001737b81c800,
0x000001737b81f800, 0x000001737b821000, 0x000001737b823000, 0x000001737c1a8000,
0x000001737c1ab800, 0x000001737c2cc800, 0x000001737c2e7800
}

Java Threads: ( => current thread )
  0x00000173727f7000 JavaThread "main" [_thread_blocked, id=10424, stack(0x000000704af00000,0x000000704b000000)]
  0x000001737b7f2000 JavaThread "Reference Handler" daemon [_thread_blocked, id=10232, stack(0x000000704b600000,0x000000704b700000)]
  0x000001737b7fb000 JavaThread "Finalizer" daemon [_thread_blocked, id=13416, stack(0x000000704b700000,0x000000704b800000)]
  0x000001737b81c800 JavaThread "Signal Dispatcher" daemon [_thread_blocked, id=1148, stack(0x000000704b800000,0x000000704b900000)]
  0x000001737b81f800 JavaThread "Attach Listener" daemon [_thread_blocked, id=15352, stack(0x000000704b900000,0x000000704ba00000)]
  0x000001737b821000 JavaThread "Service Thread" daemon [_thread_blocked, id=1816, stack(0x000000704ba00000,0x000000704bb00000)]
  0x000001737b823000 JavaThread "C2 CompilerThread0" daemon [_thread_blocked, id=1276, stack(0x000000704bb00000,0x000000704bc00000)]
  0x000001737c1a8000 JavaThread "C1 CompilerThread0" daemon [_thread_blocked, id=15056, stack(0x000000704bc00000,0x000000704bd00000)]
  0x000001737c1ab800 JavaThread "Sweeper thread" daemon [_thread_blocked, id=13780, stack(0x000000704bd00000,0x000000704be00000)]
  0x000001737c2cc800 JavaThread "Notification Thread" daemon [_thread_blocked, id=15192, stack(0x000000704be00000,0x000000704bf00000)]
  0x000001737c2e7800 JavaThread "Common-Cleaner" daemon [_thread_blocked, id=14620, stack(0x000000704c000000,0x000000704c100000)]

Other Threads:
=>0x000001737b7cb000 VMThread "VM Thread" [stack: 0x000000704b500000,0x000000704b600000] [id=6916]
  0x000001737c2cf800 WatcherThread [stack: 0x000000704bf00000,0x000000704c000000] [id=14712]
  0x000001737282b800 GCTaskThread "GC Thread#0" [stack: 0x000000704b000000,0x000000704b100000] [id=8096]
  0x000001737c219800 GCTaskThread "GC Thread#1" [stack: 0x000000704c100000,0x000000704c200000] [id=10552]
  0x0000017372837800 ConcurrentGCThread "G1 Main Marker" [stack: 0x000000704b100000,0x000000704b200000] [id=14908]
  0x0000017372839800 ConcurrentGCThread "G1 Conc#0" [stack: 0x000000704b200000,0x000000704b300000] [id=13356]
  0x0000017372893800 ConcurrentGCThread "G1 Refine#0" [stack: 0x000000704b300000,0x000000704b400000] [id=3504]
  0x0000017372895800 ConcurrentGCThread "G1 Young RemSet Sampling" [stack: 0x000000704b400000,0x000000704b500000] [id=1608]

Threads with active compile tasks:
C2 CompilerThread0     7892  221       4       Product::toString (59 bytes)

VM state:at safepoint (normal execution)

VM Mutex/Monitor currently owned by a thread:  ([mutex/lock_event])
[0x00000173727f1770] Threads_lock - owner thread: 0x000001737b7cb000
[0x00000173727f1fe0] Heap_lock - owner thread: 0x00000173727f7000

Heap address: 0x00000000b2000000, size: 1248 MB, Compressed Oops mode: 32-bit
Narrow klass base: 0x0000000000000000, Narrow klass shift: 3
Compressed class space size: 1073741824 Address: 0x0000000100000000

Heap:
 garbage-first heap   total 177152K, used 1323K [0x00000000b2000000, 0x0000000100000000)
  region size 1024K, 2 young (2048K), 2 survivors (2048K)
 Metaspace       used 6804K, capacity 6938K, committed 7168K, reserved 1060864K
  class space    used 604K, capacity 649K, committed 768K, reserved 1048576K
Heap Regions: E=young(eden), S=young(survivor), O=old, HS=humongous(starts), HC=humongous(continues), CS=collection set, F=free, OA=open archive, CA=closed archive, TAMS=top-at-mark-start (previous, next)
|   0|0x00000000b2000000, 0x00000000b2000000, 0x00000000b2100000|  0%| F|  |TAMS 0x00000000b2000000, 0x00000000b2000000| Untracked 
|   1|0x00000000b2100000, 0x00000000b2100000, 0x00000000b2200000|  0%| F|  |TAMS 0x00000000b2100000, 0x00000000b2100000| Untracked 
|   2|0x00000000b2200000, 0x00000000b2200000, 0x00000000b2300000|  0%| F|  |TAMS 0x00000000b2200000, 0x00000000b2200000| Untracked 
|   3|0x00000000b2300000, 0x00000000b2300000, 0x00000000b2400000|  0%| F|  |TAMS 0x00000000b2300000, 0x00000000b2300000| Untracked 
|   4|0x00000000b2400000, 0x00000000b2400000, 0x00000000b2500000|  0%| F|  |TAMS 0x00000000b2400000, 0x00000000b2400000| Untracked 
|   5|0x00000000b2500000, 0x00000000b2500000, 0x00000000b2600000|  0%| F|  |TAMS 0x00000000b2500000, 0x00000000b2500000| Untracked 
|   6|0x00000000b2600000, 0x00000000b2600000, 0x00000000b2700000|  0%| F|  |TAMS 0x00000000b2600000, 0x00000000b2600000| Untracked 
|   7|0x00000000b2700000, 0x00000000b2700000, 0x00000000b2800000|  0%| F|  |TAMS 0x00000000b2700000, 0x00000000b2700000| Untracked 
|   8|0x00000000b2800000, 0x00000000b2800000, 0x00000000b2900000|  0%| F|  |TAMS 0x00000000b2800000, 0x00000000b2800000| Untracked 
|   9|0x00000000b2900000, 0x00000000b2900000, 0x00000000b2a00000|  0%| F|  |TAMS 0x00000000b2900000, 0x00000000b2900000| Untracked 
|  10|0x00000000b2a00000, 0x00000000b2a00000, 0x00000000b2b00000|  0%| F|  |TAMS 0x00000000b2a00000, 0x00000000b2a00000| Untracked 
|  11|0x00000000b2b00000, 0x00000000b2b00000, 0x00000000b2c00000|  0%| F|  |TAMS 0x00000000b2b00000, 0x00000000b2b00000| Untracked 
|  12|0x00000000b2c00000, 0x00000000b2c00000, 0x00000000b2d00000|  0%| F|  |TAMS 0x00000000b2c00000, 0x00000000b2c00000| Untracked 
|  13|0x00000000b2d00000, 0x00000000b2d00000, 0x00000000b2e00000|  0%| F|  |TAMS 0x00000000b2d00000, 0x00000000b2d00000| Untracked 
|  14|0x00000000b2e00000, 0x00000000b2e00000, 0x00000000b2f00000|  0%| F|  |TAMS 0x00000000b2e00000, 0x00000000b2e00000| Untracked 
|  15|0x00000000b2f00000, 0x00000000b2f00000, 0x00000000b3000000|  0%| F|  |TAMS 0x00000000b2f00000, 0x00000000b2f00000| Untracked 
|  16|0x00000000b3000000, 0x00000000b3000000, 0x00000000b3100000|  0%| F|  |TAMS 0x00000000b3000000, 0x00000000b3000000| Untracked 
|  17|0x00000000b3100000, 0x00000000b3100000, 0x00000000b3200000|  0%| F|  |TAMS 0x00000000b3100000, 0x00000000b3100000| Untracked 
|  18|0x00000000b3200000, 0x00000000b3200000, 0x00000000b3300000|  0%| F|  |TAMS 0x00000000b3200000, 0x00000000b3200000| Untracked 
|  19|0x00000000b3300000, 0x00000000b3300000, 0x00000000b3400000|  0%| F|  |TAMS 0x00000000b3300000, 0x00000000b3300000| Untracked 
|  20|0x00000000b3400000, 0x00000000b3400000, 0x00000000b3500000|  0%| F|  |TAMS 0x00000000b3400000, 0x00000000b3400000| Untracked 
|  21|0x00000000b3500000, 0x00000000b3500000, 0x00000000b3600000|  0%| F|  |TAMS 0x00000000b3500000, 0x00000000b3500000| Untracked 
|  22|0x00000000b3600000, 0x00000000b3600000, 0x00000000b3700000|  0%| F|  |TAMS 0x00000000b3600000, 0x00000000b3600000| Untracked 
|  23|0x00000000b3700000, 0x00000000b3700000, 0x00000000b3800000|  0%| F|  |TAMS 0x00000000b3700000, 0x00000000b3700000| Untracked 
|  24|0x00000000b3800000, 0x00000000b3800000, 0x00000000b3900000|  0%| F|  |TAMS 0x00000000b3800000, 0x00000000b3800000| Untracked 
|  25|0x00000000b3900000, 0x00000000b3900000, 0x00000000b3a00000|  0%| F|  |TAMS 0x00000000b3900000, 0x00000000b3900000| Untracked 
|  26|0x00000000b3a00000, 0x00000000b3a00000, 0x00000000b3b00000|  0%| F|  |TAMS 0x00000000b3a00000, 0x00000000b3a00000| Untracked 
|  27|0x00000000b3b00000, 0x00000000b3b00000, 0x00000000b3c00000|  0%| F|  |TAMS 0x00000000b3b00000, 0x00000000b3b00000| Untracked 
|  28|0x00000000b3c00000, 0x00000000b3c00000, 0x00000000b3d00000|  0%| F|  |TAMS 0x00000000b3c00000, 0x00000000b3c00000| Untracked 
|  29|0x00000000b3d00000, 0x00000000b3d00000, 0x00000000b3e00000|  0%| F|  |TAMS 0x00000000b3d00000, 0x00000000b3d00000| Untracked 
|  30|0x00000000b3e00000, 0x00000000b3e4aca0, 0x00000000b3f00000| 29%| S|CS|TAMS 0x00000000b3e00000, 0x00000000b3e00000| Complete 
|  31|0x00000000b3f00000, 0x00000000b4000000, 0x00000000b4000000|100%| S|CS|TAMS 0x00000000b3f00000, 0x00000000b3f00000| Complete 
|  32|0x00000000b4000000, 0x00000000b4000000, 0x00000000b4100000|  0%| F|  |TAMS 0x00000000b4000000, 0x00000000b4000000| Untracked 
|  33|0x00000000b4100000, 0x00000000b4100000, 0x00000000b4200000|  0%| F|  |TAMS 0x00000000b4100000, 0x00000000b4100000| Untracked 
|  34|0x00000000b4200000, 0x00000000b4200000, 0x00000000b4300000|  0%| F|  |TAMS 0x00000000b4200000, 0x00000000b4200000| Untracked 
|  35|0x00000000b4300000, 0x00000000b4300000, 0x00000000b4400000|  0%| F|  |TAMS 0x00000000b4300000, 0x00000000b4300000| Untracked 
|  36|0x00000000b4400000, 0x00000000b4400000, 0x00000000b4500000|  0%| F|  |TAMS 0x00000000b4400000, 0x00000000b4400000| Untracked 
|  37|0x00000000b4500000, 0x00000000b4500000, 0x00000000b4600000|  0%| F|  |TAMS 0x00000000b4500000, 0x00000000b4500000| Untracked 
|  38|0x00000000b4600000, 0x00000000b4600000, 0x00000000b4700000|  0%| F|  |TAMS 0x00000000b4600000, 0x00000000b4600000| Untracked 
|  39|0x00000000b4700000, 0x00000000b4700000, 0x00000000b4800000|  0%| F|  |TAMS 0x00000000b4700000, 0x00000000b4700000| Untracked 
|  40|0x00000000b4800000, 0x00000000b4800000, 0x00000000b4900000|  0%| F|  |TAMS 0x00000000b4800000, 0x00000000b4800000| Untracked 
|  41|0x00000000b4900000, 0x00000000b4900000, 0x00000000b4a00000|  0%| F|  |TAMS 0x00000000b4900000, 0x00000000b4900000| Untracked 
|  42|0x00000000b4a00000, 0x00000000b4a00000, 0x00000000b4b00000|  0%| F|  |TAMS 0x00000000b4a00000, 0x00000000b4a00000| Untracked 
|  43|0x00000000b4b00000, 0x00000000b4b00000, 0x00000000b4c00000|  0%| F|  |TAMS 0x00000000b4b00000, 0x00000000b4b00000| Untracked 
|  44|0x00000000b4c00000, 0x00000000b4c00000, 0x00000000b4d00000|  0%| F|  |TAMS 0x00000000b4c00000, 0x00000000b4c00000| Untracked 
|  45|0x00000000b4d00000, 0x00000000b4d00000, 0x00000000b4e00000|  0%| F|  |TAMS 0x00000000b4d00000, 0x00000000b4d00000| Untracked 
|  46|0x00000000b4e00000, 0x00000000b4e00000, 0x00000000b4f00000|  0%| F|  |TAMS 0x00000000b4e00000, 0x00000000b4e00000| Untracked 
|  47|0x00000000b4f00000, 0x00000000b4f00000, 0x00000000b5000000|  0%| F|  |TAMS 0x00000000b4f00000, 0x00000000b4f00000| Untracked 
|  48|0x00000000b5000000, 0x00000000b5000000, 0x00000000b5100000|  0%| F|  |TAMS 0x00000000b5000000, 0x00000000b5000000| Untracked 
|  49|0x00000000b5100000, 0x00000000b5100000, 0x00000000b5200000|  0%| F|  |TAMS 0x00000000b5100000, 0x00000000b5100000| Untracked 
|  50|0x00000000b5200000, 0x00000000b5200000, 0x00000000b5300000|  0%| F|  |TAMS 0x00000000b5200000, 0x00000000b5200000| Untracked 
|  51|0x00000000b5300000, 0x00000000b5300000, 0x00000000b5400000|  0%| F|  |TAMS 0x00000000b5300000, 0x00000000b5300000| Untracked 
|  52|0x00000000b5400000, 0x00000000b5400000, 0x00000000b5500000|  0%| F|  |TAMS 0x00000000b5400000, 0x00000000b5400000| Untracked 
|  53|0x00000000b5500000, 0x00000000b5500000, 0x00000000b5600000|  0%| F|  |TAMS 0x00000000b5500000, 0x00000000b5500000| Untracked 
|  54|0x00000000b5600000, 0x00000000b5600000, 0x00000000b5700000|  0%| F|  |TAMS 0x00000000b5600000, 0x00000000b5600000| Untracked 
|  55|0x00000000b5700000, 0x00000000b5700000, 0x00000000b5800000|  0%| F|  |TAMS 0x00000000b5700000, 0x00000000b5700000| Untracked 
|  56|0x00000000b5800000, 0x00000000b5800000, 0x00000000b5900000|  0%| F|  |TAMS 0x00000000b5800000, 0x00000000b5800000| Untracked 
|  57|0x00000000b5900000, 0x00000000b5900000, 0x00000000b5a00000|  0%| F|  |TAMS 0x00000000b5900000, 0x00000000b5900000| Untracked 
|  58|0x00000000b5a00000, 0x00000000b5a00000, 0x00000000b5b00000|  0%| F|  |TAMS 0x00000000b5a00000, 0x00000000b5a00000| Untracked 
|  59|0x00000000b5b00000, 0x00000000b5b00000, 0x00000000b5c00000|  0%| F|  |TAMS 0x00000000b5b00000, 0x00000000b5b00000| Untracked 
|  60|0x00000000b5c00000, 0x00000000b5c00000, 0x00000000b5d00000|  0%| F|  |TAMS 0x00000000b5c00000, 0x00000000b5c00000| Untracked 
|  61|0x00000000b5d00000, 0x00000000b5d00000, 0x00000000b5e00000|  0%| F|  |TAMS 0x00000000b5d00000, 0x00000000b5d00000| Untracked 
|  62|0x00000000b5e00000, 0x00000000b5e00000, 0x00000000b5f00000|  0%| F|  |TAMS 0x00000000b5e00000, 0x00000000b5e00000| Untracked 
|  63|0x00000000b5f00000, 0x00000000b5f00000, 0x00000000b6000000|  0%| F|  |TAMS 0x00000000b5f00000, 0x00000000b5f00000| Untracked 
|  64|0x00000000b6000000, 0x00000000b6000000, 0x00000000b6100000|  0%| F|  |TAMS 0x00000000b6000000, 0x00000000b6000000| Untracked 
|  65|0x00000000b6100000, 0x00000000b6100000, 0x00000000b6200000|  0%| F|  |TAMS 0x00000000b6100000, 0x00000000b6100000| Untracked 
|  66|0x00000000b6200000, 0x00000000b6200000, 0x00000000b6300000|  0%| F|  |TAMS 0x00000000b6200000, 0x00000000b6200000| Untracked 
|  67|0x00000000b6300000, 0x00000000b6300000, 0x00000000b6400000|  0%| F|  |TAMS 0x00000000b6300000, 0x00000000b6300000| Untracked 
|  68|0x00000000b6400000, 0x00000000b6400000, 0x00000000b6500000|  0%| F|  |TAMS 0x00000000b6400000, 0x00000000b6400000| Untracked 
|  69|0x00000000b6500000, 0x00000000b6500000, 0x00000000b6600000|  0%| F|  |TAMS 0x00000000b6500000, 0x00000000b6500000| Untracked 
|  70|0x00000000b6600000, 0x00000000b6600000, 0x00000000b6700000|  0%| F|  |TAMS 0x00000000b6600000, 0x00000000b6600000| Untracked 
|  71|0x00000000b6700000, 0x00000000b6700000, 0x00000000b6800000|  0%| F|  |TAMS 0x00000000b6700000, 0x00000000b6700000| Untracked 
|  72|0x00000000b6800000, 0x00000000b6800000, 0x00000000b6900000|  0%| F|  |TAMS 0x00000000b6800000, 0x00000000b6800000| Untracked 
|  73|0x00000000b6900000, 0x00000000b6900000, 0x00000000b6a00000|  0%| F|  |TAMS 0x00000000b6900000, 0x00000000b6900000| Untracked 
|  74|0x00000000b6a00000, 0x00000000b6a00000, 0x00000000b6b00000|  0%| F|  |TAMS 0x00000000b6a00000, 0x00000000b6a00000| Untracked 
|  75|0x00000000b6b00000, 0x00000000b6b00000, 0x00000000b6c00000|  0%| F|  |TAMS 0x00000000b6b00000, 0x00000000b6b00000| Untracked 
|  76|0x00000000b6c00000, 0x00000000b6c00000, 0x00000000b6d00000|  0%| F|  |TAMS 0x00000000b6c00000, 0x00000000b6c00000| Untracked 
|  77|0x00000000b6d00000, 0x00000000b6d00000, 0x00000000b6e00000|  0%| F|  |TAMS 0x00000000b6d00000, 0x00000000b6d00000| Untracked 

Card table byte_map: [0x0000017376740000,0x00000173769b0000] _byte_map_base: 0x00000173761b0000

Marking Bits (Prev, Next): (CMBitMap*) 0x000001737282d168, (CMBitMap*) 0x000001737282d1a8
 Prev Bits: [0x0000017376c20000, 0x0000017377fa0000)
 Next Bits: [0x0000017377fa0000, 0x0000017379320000)

Polling page: 0x00000173707c0000

Metaspace:

Usage:
  Non-class:      6.14 MB capacity,     6.05 MB ( 99%) used,    83.99 KB (  1%) free+waste,     5.50 KB ( <1%) overhead. 
      Class:    649.00 KB capacity,   604.92 KB ( 93%) used,    41.45 KB (  6%) free+waste,     2.63 KB ( <1%) overhead. 
       Both:      6.78 MB capacity,     6.64 MB ( 98%) used,   125.45 KB (  2%) free+waste,     8.13 KB ( <1%) overhead. 

Virtual space:
  Non-class space:       12.00 MB reserved,       6.25 MB ( 52%) committed 
      Class space:        1.00 GB reserved,     768.00 KB ( <1%) committed 
             Both:        1.01 GB reserved,       7.00 MB ( <1%) committed 

Chunk freelists:
   Non-Class:  47.00 KB
       Class:  23.00 KB
        Both:  70.00 KB

MaxMetaspaceSize: 17179869184.00 GB
CompressedClassSpaceSize: 1.00 GB

CodeHeap 'non-profiled nmethods': size=120000Kb used=86Kb max_used=86Kb free=119913Kb
 bounds [0x0000017307ad0000, 0x0000017307d40000, 0x000001730f000000]
CodeHeap 'profiled nmethods': size=120000Kb used=261Kb max_used=261Kb free=119738Kb
 bounds [0x00000173005a0000, 0x0000017300810000, 0x0000017307ad0000]
CodeHeap 'non-nmethods': size=5760Kb used=1115Kb max_used=1131Kb free=4644Kb
 bounds [0x0000017300000000, 0x0000017300270000, 0x00000173005a0000]
 total_blobs=578 nmethods=220 adapters=271
 compilation: enabled
              stopped_count=0, restarted_count=0
 full_count=0

Compilation events (20 events):
Event: 7.575 Thread 0x000001737b823000 nmethod 211 0x0000017307adf410 code [0x0000017307adf620, 0x0000017307adfd38]
Event: 7.576 Thread 0x000001737b823000  212       4       java.lang.StringBuilder::append (8 bytes)
Event: 7.589 Thread 0x000001737b823000 nmethod 212 0x0000017307ae0090 code [0x0000017307ae02a0, 0x0000017307ae09d8]
Event: 7.589 Thread 0x000001737b823000  214       4       java.lang.Integer::stringSize (47 bytes)
Event: 7.590 Thread 0x000001737b823000 nmethod 214 0x0000017307ae0d90 code [0x0000017307ae0f20, 0x0000017307ae0fd8]
Event: 7.590 Thread 0x000001737b823000  213       4       java.lang.AbstractStringBuilder::append (55 bytes)
Event: 7.601 Thread 0x000001737b823000 nmethod 213 0x0000017307ae1090 code [0x0000017307ae12a0, 0x0000017307ae19a8]
Event: 7.601 Thread 0x000001737b823000  215       4       java.lang.Integer::getChars (131 bytes)
Event: 7.604 Thread 0x000001737b823000 nmethod 215 0x0000017307ae1d10 code [0x0000017307ae1ec0, 0x0000017307ae2058]
Event: 7.609 Thread 0x000001737b823000  216       4       java.util.Arrays::copyOfRange (64 bytes)
Event: 7.613 Thread 0x000001737b823000 nmethod 216 0x0000017307ae2190 code [0x0000017307ae2340, 0x0000017307ae25d8]
Event: 7.616 Thread 0x000001737b823000  217       4       java.lang.String::valueOf (15 bytes)
Event: 7.621 Thread 0x000001737b823000 nmethod 217 0x0000017307ae2710 code [0x0000017307ae28a0, 0x0000017307ae2958]
Event: 7.621 Thread 0x000001737b823000  218       4       java.lang.StringBuilder::<init> (6 bytes)
Event: 7.649 Thread 0x000001737b823000 nmethod 218 0x0000017307ae2a10 code [0x0000017307ae2c60, 0x0000017307ae3658]
Event: 7.649 Thread 0x000001737b823000  220       4       java.lang.StringBuilder::append (6 bytes)
Event: 7.668 Thread 0x000001737b823000 nmethod 220 0x0000017307ae3b10 code [0x0000017307ae3d20, 0x0000017307ae4458]
Event: 7.668 Thread 0x000001737b823000  219       4       java.lang.AbstractStringBuilder::<init> (63 bytes)
Event: 7.697 Thread 0x000001737b823000 nmethod 219 0x0000017307ae4810 code [0x0000017307ae4a60, 0x0000017307ae5458]
Event: 7.753 Thread 0x000001737b823000  221       4       Product::toString (59 bytes)

GC Heap History (20 events):
Event: 7.639 GC heap after
{Heap after GC invocations=5 (full 0):
 garbage-first heap   total 79872K, used 1224K [0x00000000b2000000, 0x0000000100000000)
  region size 1024K, 2 young (2048K), 2 survivors (2048K)
 Metaspace       used 6804K, capacity 6938K, committed 7168K, reserved 1060864K
  class space    used 604K, capacity 649K, committed 768K, reserved 1048576K
}
Event: 7.655 GC heap before
{Heap before GC invocations=5 (full 0):
 garbage-first heap   total 79872K, used 45256K [0x00000000b2000000, 0x0000000100000000)
  region size 1024K, 46 young (47104K), 2 survivors (2048K)
 Metaspace       used 6804K, capacity 6938K, committed 7168K, reserved 1060864K
  class space    used 604K, capacity 649K, committed 768K, reserved 1048576K
}
Event: 7.659 GC heap after
{Heap after GC invocations=6 (full 0):
 garbage-first heap   total 79872K, used 1231K [0x00000000b2000000, 0x0000000100000000)
  region size 1024K, 2 young (2048K), 2 survivors (2048K)
 Metaspace       used 6804K, capacity 6938K, committed 7168K, reserved 1060864K
  class space    used 604K, capacity 649K, committed 768K, reserved 1048576K
}
Event: 7.674 GC heap before
{Heap before GC invocations=6 (full 0):
 garbage-first heap   total 79872K, used 45263K [0x00000000b2000000, 0x0000000100000000)
  region size 1024K, 46 young (47104K), 2 survivors (2048K)
 Metaspace       used 6804K, capacity 6938K, committed 7168K, reserved 1060864K
  class space    used 604K, capacity 649K, committed 768K, reserved 1048576K
}
Event: 7.677 GC heap after
{Heap after GC invocations=7 (full 0):
 garbage-first heap   total 79872K, used 1125K [0x00000000b2000000, 0x0000000100000000)
  region size 1024K, 2 young (2048K), 2 survivors (2048K)
 Metaspace       used 6804K, capacity 6938K, committed 7168K, reserved 1060864K
  class space    used 604K, capacity 649K, committed 768K, reserved 1048576K
}
Event: 7.693 GC heap before
{Heap before GC invocations=7 (full 0):
 garbage-first heap   total 79872K, used 45157K [0x00000000b2000000, 0x0000000100000000)
  region size 1024K, 46 young (47104K), 2 survivors (2048K)
 Metaspace       used 6804K, capacity 6938K, committed 7168K, reserved 1060864K
  class space    used 604K, capacity 649K, committed 768K, reserved 1048576K
}
Event: 7.696 GC heap after
{Heap after GC invocations=8 (full 0):
 garbage-first heap   total 79872K, used 1222K [0x00000000b2000000, 0x0000000100000000)
  region size 1024K, 2 young (2048K), 2 survivors (2048K)
 Metaspace       used 6804K, capacity 6938K, committed 7168K, reserved 1060864K
  class space    used 604K, capacity 649K, committed 768K, reserved 1048576K
}
Event: 7.710 GC heap before
{Heap before GC invocations=8 (full 0):
 garbage-first heap   total 79872K, used 45254K [0x00000000b2000000, 0x0000000100000000)
  region size 1024K, 46 young (47104K), 2 survivors (2048K)
 Metaspace       used 6804K, capacity 6938K, committed 7168K, reserved 1060864K
  class space    used 604K, capacity 649K, committed 768K, reserved 1048576K
}
Event: 7.713 GC heap after
{Heap after GC invocations=9 (full 0):
 garbage-first heap   total 79872K, used 1222K [0x00000000b2000000, 0x0000000100000000)
  region size 1024K, 2 young (2048K), 2 survivors (2048K)
 Metaspace       used 6804K, capacity 6938K, committed 7168K, reserved 1060864K
  class space    used 604K, capacity 649K, committed 768K, reserved 1048576K
}
Event: 7.725 GC heap before
{Heap before GC invocations=9 (full 0):
 garbage-first heap   total 79872K, used 45254K [0x00000000b2000000, 0x0000000100000000)
  region size 1024K, 46 young (47104K), 2 survivors (2048K)
 Metaspace       used 6804K, capacity 6938K, committed 7168K, reserved 1060864K
  class space    used 604K, capacity 649K, committed 768K, reserved 1048576K
}
Event: 7.728 GC heap after
{Heap after GC invocations=10 (full 0):
 garbage-first heap   total 79872K, used 1224K [0x00000000b2000000, 0x0000000100000000)
  region size 1024K, 2 young (2048K), 2 survivors (2048K)
 Metaspace       used 6804K, capacity 6938K, committed 7168K, reserved 1060864K
  class space    used 604K, capacity 649K, committed 768K, reserved 1048576K
}
Event: 7.741 GC heap before
{Heap before GC invocations=10 (full 0):
 garbage-first heap   total 79872K, used 45256K [0x00000000b2000000, 0x0000000100000000)
  region size 1024K, 46 young (47104K), 2 survivors (2048K)
 Metaspace       used 6804K, capacity 6938K, committed 7168K, reserved 1060864K
  class space    used 604K, capacity 649K, committed 768K, reserved 1048576K
}
Event: 7.744 GC heap after
{Heap after GC invocations=11 (full 0):
 garbage-first heap   total 79872K, used 1341K [0x00000000b2000000, 0x0000000100000000)
  region size 1024K, 2 young (2048K), 2 survivors (2048K)
 Metaspace       used 6804K, capacity 6938K, committed 7168K, reserved 1060864K
  class space    used 604K, capacity 649K, committed 768K, reserved 1048576K
}
Event: 7.757 GC heap before
{Heap before GC invocations=11 (full 0):
 garbage-first heap   total 79872K, used 45373K [0x00000000b2000000, 0x0000000100000000)
  region size 1024K, 46 young (47104K), 2 survivors (2048K)
 Metaspace       used 6804K, capacity 6938K, committed 7168K, reserved 1060864K
  class space    used 604K, capacity 649K, committed 768K, reserved 1048576K
}
Event: 7.759 GC heap after
{Heap after GC invocations=12 (full 0):
 garbage-first heap   total 79872K, used 1325K [0x00000000b2000000, 0x0000000100000000)
  region size 1024K, 2 young (2048K), 2 survivors (2048K)
 Metaspace       used 6804K, capacity 6938K, committed 7168K, reserved 1060864K
  class space    used 604K, capacity 649K, committed 768K, reserved 1048576K
}
Event: 7.774 GC heap before
{Heap before GC invocations=12 (full 0):
 garbage-first heap   total 79872K, used 45357K [0x00000000b2000000, 0x0000000100000000)
  region size 1024K, 46 young (47104K), 2 survivors (2048K)
 Metaspace       used 6804K, capacity 6938K, committed 7168K, reserved 1060864K
  class space    used 604K, capacity 649K, committed 768K, reserved 1048576K
}
Event: 7.776 GC heap after
{Heap after GC invocations=13 (full 0):
 garbage-first heap   total 79872K, used 1222K [0x00000000b2000000, 0x0000000100000000)
  region size 1024K, 2 young (2048K), 2 survivors (2048K)
 Metaspace       used 6804K, capacity 6938K, committed 7168K, reserved 1060864K
  class space    used 604K, capacity 649K, committed 768K, reserved 1048576K
}
Event: 7.790 GC heap before
{Heap before GC invocations=13 (full 0):
 garbage-first heap   total 79872K, used 45254K [0x00000000b2000000, 0x0000000100000000)
  region size 1024K, 46 young (47104K), 2 survivors (2048K)
 Metaspace       used 6804K, capacity 6938K, committed 7168K, reserved 1060864K
  class space    used 604K, capacity 649K, committed 768K, reserved 1048576K
}
Event: 7.794 GC heap after
{Heap after GC invocations=14 (full 0):
 garbage-first heap   total 79872K, used 1318K [0x00000000b2000000, 0x0000000100000000)
  region size 1024K, 2 young (2048K), 2 survivors (2048K)
 Metaspace       used 6804K, capacity 6938K, committed 7168K, reserved 1060864K
  class space    used 604K, capacity 649K, committed 768K, reserved 1048576K
}
Event: 7.808 GC heap before
{Heap before GC invocations=14 (full 0):
 garbage-first heap   total 79872K, used 45350K [0x00000000b2000000, 0x0000000100000000)
  region size 1024K, 46 young (47104K), 2 survivors (2048K)
 Metaspace       used 6804K, capacity 6938K, committed 7168K, reserved 1060864K
  class space    used 604K, capacity 649K, committed 768K, reserved 1048576K
}

Deoptimization events (4 events):
Event: 0.190 Thread 0x00000173727f7000 Uncommon trap: trap_request=0xffffff45 fr.pc=0x0000017307ad4304 relative=0x00000000000001a4
Event: 0.190 Thread 0x00000173727f7000 Uncommon trap: reason=unstable_if action=reinterpret pc=0x0000017307ad4304 method=java.lang.String.hashCode()I @ 42 c2
Event: 0.190 Thread 0x00000173727f7000 DEOPT PACKING pc=0x0000017307ad4304 sp=0x000000704affd130
Event: 0.191 Thread 0x00000173727f7000 DEOPT UNPACKING pc=0x000001730004912f sp=0x000000704affd0c8 mode 2

Classes unloaded (0 events):
No events

Classes redefined (0 events):
No events

Internal exceptions (1 events):
Event: 0.240 Thread 0x00000173727f7000 Exception <a 'java/lang/NoSuchMethodError'{0x00000000b6c038c0}: 'int java.lang.invoke.DirectMethodHandle$Holder.invokeSpecialIFC(java.lang.Object, java.lang.Object, int)'> (0x00000000b6c038c0) 
thrown [./open/src/hotspot/share/interpreter/linkResolver.cpp, line 766]

Events (20 events):
Event: 7.639 Executing VM operation: G1CollectForAllocation done
Event: 7.655 Executing VM operation: G1CollectForAllocation
Event: 7.659 Executing VM operation: G1CollectForAllocation done
Event: 7.674 Executing VM operation: G1CollectForAllocation
Event: 7.677 Executing VM operation: G1CollectForAllocation done
Event: 7.693 Executing VM operation: G1CollectForAllocation
Event: 7.696 Executing VM operation: G1CollectForAllocation done
Event: 7.710 Executing VM operation: G1CollectForAllocation
Event: 7.713 Executing VM operation: G1CollectForAllocation done
Event: 7.725 Executing VM operation: G1CollectForAllocation
Event: 7.728 Executing VM operation: G1CollectForAllocation done
Event: 7.741 Executing VM operation: G1CollectForAllocation
Event: 7.744 Executing VM operation: G1CollectForAllocation done
Event: 7.756 Executing VM operation: G1CollectForAllocation
Event: 7.760 Executing VM operation: G1CollectForAllocation done
Event: 7.773 Executing VM operation: G1CollectForAllocation
Event: 7.776 Executing VM operation: G1CollectForAllocation done
Event: 7.790 Executing VM operation: G1CollectForAllocation
Event: 7.794 Executing VM operation: G1CollectForAllocation done
Event: 7.808 Executing VM operation: G1CollectForAllocation


Dynamic libraries:
0x00007ff6fa040000 - 0x00007ff6fa04d000 	C:\Users\ADMIN\.p2\pool\plugins\org.eclipse.justj.openjdk.hotspot.jre.full.win32.x86_64_14.0.2.v20200815-0932\jre\bin\javaw.exe
0x00007ff816790000 - 0x00007ff816985000 	C:\WINDOWS\SYSTEM32\ntdll.dll
0x00007ff815970000 - 0x00007ff815a2e000 	C:\WINDOWS\System32\KERNEL32.DLL
0x00007ff8144b0000 - 0x00007ff814778000 	C:\WINDOWS\System32\KERNELBASE.dll
0x00007ff8143b0000 - 0x00007ff8144b0000 	C:\WINDOWS\System32\ucrtbase.dll
0x00007ff808950000 - 0x00007ff808968000 	C:\Users\ADMIN\.p2\pool\plugins\org.eclipse.justj.openjdk.hotspot.jre.full.win32.x86_64_14.0.2.v20200815-0932\jre\bin\jli.dll
0x00007ff815fb0000 - 0x00007ff816151000 	C:\WINDOWS\System32\USER32.dll
0x00007ff814380000 - 0x00007ff8143a2000 	C:\WINDOWS\System32\win32u.dll
0x00007ff815ad0000 - 0x00007ff815afb000 	C:\WINDOWS\System32\GDI32.dll
0x00007ff814220000 - 0x00007ff81432b000 	C:\WINDOWS\System32\gdi32full.dll
0x00007ff813eb0000 - 0x00007ff813f4d000 	C:\WINDOWS\System32\msvcp_win.dll
0x00007ff808930000 - 0x00007ff808945000 	C:\Users\ADMIN\.p2\pool\plugins\org.eclipse.justj.openjdk.hotspot.jre.full.win32.x86_64_14.0.2.v20200815-0932\jre\bin\VCRUNTIME140.dll
0x00007fffff5a0000 - 0x00007fffff83a000 	C:\WINDOWS\WinSxS\amd64_microsoft.windows.common-controls_6595b64144ccf1df_6.0.19041.1110_none_60b5254171f9507e\COMCTL32.dll
0x00007ff815ea0000 - 0x00007ff815f3e000 	C:\WINDOWS\System32\msvcrt.dll
0x00007ff814d40000 - 0x00007ff814d70000 	C:\WINDOWS\System32\IMM32.DLL
0x00007fffedff0000 - 0x00007fffee08b000 	C:\Users\ADMIN\.p2\pool\plugins\org.eclipse.justj.openjdk.hotspot.jre.full.win32.x86_64_14.0.2.v20200815-0932\jre\bin\msvcp140.dll
0x00007fffac410000 - 0x00007fffacf2e000 	C:\Users\ADMIN\.p2\pool\plugins\org.eclipse.justj.openjdk.hotspot.jre.full.win32.x86_64_14.0.2.v20200815-0932\jre\bin\server\jvm.dll
0x00007ff814920000 - 0x00007ff8149cc000 	C:\WINDOWS\System32\ADVAPI32.dll
0x00007ff815a30000 - 0x00007ff815acb000 	C:\WINDOWS\System32\sechost.dll
0x00007ff815bf0000 - 0x00007ff815d1a000 	C:\WINDOWS\System32\RPCRT4.dll
0x00007ff8149d0000 - 0x00007ff8149d8000 	C:\WINDOWS\System32\PSAPI.DLL
0x00007ff80f410000 - 0x00007ff80f419000 	C:\WINDOWS\SYSTEM32\WSOCK32.dll
0x00007ff815f40000 - 0x00007ff815fab000 	C:\WINDOWS\System32\WS2_32.dll
0x00007ff803090000 - 0x00007ff8030b7000 	C:\WINDOWS\SYSTEM32\WINMM.dll
0x00007ff806c90000 - 0x00007ff806c9a000 	C:\WINDOWS\SYSTEM32\VERSION.dll
0x00007ff811db0000 - 0x00007ff811dc2000 	C:\WINDOWS\SYSTEM32\kernel.appcore.dll
0x00007ff80fb60000 - 0x00007ff80fb6a000 	C:\Users\ADMIN\.p2\pool\plugins\org.eclipse.justj.openjdk.hotspot.jre.full.win32.x86_64_14.0.2.v20200815-0932\jre\bin\jimage.dll
0x00007ff806de0000 - 0x00007ff806fc4000 	C:\WINDOWS\SYSTEM32\DBGHELP.DLL
0x00007ff806cf0000 - 0x00007ff806d1c000 	C:\WINDOWS\SYSTEM32\dbgcore.DLL
0x00007ff813f50000 - 0x00007ff813fd3000 	C:\WINDOWS\System32\bcryptPrimitives.dll
0x00007ff808390000 - 0x00007ff8083b5000 	C:\Users\ADMIN\.p2\pool\plugins\org.eclipse.justj.openjdk.hotspot.jre.full.win32.x86_64_14.0.2.v20200815-0932\jre\bin\java.dll
0x00007ff807e80000 - 0x00007ff807e96000 	C:\Users\ADMIN\.p2\pool\plugins\org.eclipse.justj.openjdk.hotspot.jre.full.win32.x86_64_14.0.2.v20200815-0932\jre\bin\zip.dll
0x00007ff815090000 - 0x00007ff8157cf000 	C:\WINDOWS\System32\SHELL32.dll
0x00007ff811fb0000 - 0x00007ff812740000 	C:\WINDOWS\SYSTEM32\windows.storage.dll
0x00007ff8149e0000 - 0x00007ff814d35000 	C:\WINDOWS\System32\combase.dll
0x00007ff813830000 - 0x00007ff81385e000 	C:\WINDOWS\SYSTEM32\Wldp.dll
0x00007ff814d70000 - 0x00007ff814e1d000 	C:\WINDOWS\System32\SHCORE.dll
0x00007ff814fd0000 - 0x00007ff815025000 	C:\WINDOWS\System32\shlwapi.dll
0x00007ff813df0000 - 0x00007ff813e0f000 	C:\WINDOWS\SYSTEM32\profapi.dll
0x00007ffffbc30000 - 0x00007ffffbc49000 	C:\Users\ADMIN\.p2\pool\plugins\org.eclipse.justj.openjdk.hotspot.jre.full.win32.x86_64_14.0.2.v20200815-0932\jre\bin\net.dll
0x00007ff80e250000 - 0x00007ff80e35c000 	C:\WINDOWS\SYSTEM32\WINHTTP.dll
0x00007ff813590000 - 0x00007ff8135fa000 	C:\WINDOWS\system32\mswsock.dll
0x00007ffff66d0000 - 0x00007ffff66e2000 	C:\Users\ADMIN\.p2\pool\plugins\org.eclipse.justj.openjdk.hotspot.jre.full.win32.x86_64_14.0.2.v20200815-0932\jre\bin\nio.dll

dbghelp: loaded successfully - version: 4.0.5 - missing functions: none
symbol engine: initialized successfully - sym options: 0x614 - pdb path: .;C:\Users\ADMIN\.p2\pool\plugins\org.eclipse.justj.openjdk.hotspot.jre.full.win32.x86_64_14.0.2.v20200815-0932\jre\bin;C:\WINDOWS\SYSTEM32;C:\WINDOWS\WinSxS\amd64_microsoft.windows.common-controls_6595b64144ccf1df_6.0.19041.1110_none_60b5254171f9507e;C:\Users\ADMIN\.p2\pool\plugins\org.eclipse.justj.openjdk.hotspot.jre.full.win32.x86_64_14.0.2.v20200815-0932\jre\bin\server

VM Arguments:
jvm_args: -Dfile.encoding=UTF-8 -XX:+ShowCodeDetailsInExceptionMessages 
java_command: AS2_Main
java_class_path (initial): C:\Users\ADMIN\eclipse-workspace\CSD201_AS2_FX11718\bin
Launcher Type: SUN_STANDARD

[Global flags]
     intx CICompilerCount                          = 3                                         {product} {ergonomic}
     uint ConcGCThreads                            = 1                                         {product} {ergonomic}
     uint G1ConcRefinementThreads                  = 4                                         {product} {ergonomic}
   size_t G1HeapRegionSize                         = 1048576                                   {product} {ergonomic}
    uintx GCDrainStackTargetSize                   = 64                                        {product} {ergonomic}
   size_t InitialHeapSize                          = 81788928                                  {product} {ergonomic}
   size_t MarkStackSize                            = 4194304                                   {product} {ergonomic}
   size_t MaxHeapSize                              = 1308622848                                {product} {ergonomic}
   size_t MaxNewSize                               = 784334848                                 {product} {ergonomic}
   size_t MinHeapDeltaBytes                        = 1048576                                   {product} {ergonomic}
   size_t MinHeapSize                              = 8388608                                   {product} {ergonomic}
    uintx NonNMethodCodeHeapSize                   = 5832780                                {pd product} {ergonomic}
    uintx NonProfiledCodeHeapSize                  = 122912730                              {pd product} {ergonomic}
    uintx ProfiledCodeHeapSize                     = 122912730                              {pd product} {ergonomic}
    uintx ReservedCodeCacheSize                    = 251658240                              {pd product} {ergonomic}
     bool SegmentedCodeCache                       = true                                      {product} {ergonomic}
     bool ShowCodeDetailsInExceptionMessages       = true                                   {manageable} {command line}
   size_t SoftMaxHeapSize                          = 1308622848                             {manageable} {ergonomic}
     bool UseCompressedClassPointers               = true                                 {lp64_product} {ergonomic}
     bool UseCompressedOops                        = true                                 {lp64_product} {ergonomic}
     bool UseG1GC                                  = true                                      {product} {ergonomic}
     bool UseLargePagesIndividualAllocation        = false                                  {pd product} {ergonomic}

Logging:
Log output configuration:
 #0: stdout all=warning uptime,level,tags
 #1: stderr all=off uptime,level,tags

Environment Variables:
JAVA_HOME=C:\Program Files\Eclipse Foundation\jdk-11.0.12.7-hotspot\
PATH=D:/eclipse//plugins/org.eclipse.justj.openjdk.hotspot.jre.full.win32.x86_64_16.0.2.v20210721-1149/jre/bin/server;D:/eclipse//plugins/org.eclipse.justj.openjdk.hotspot.jre.full.win32.x86_64_16.0.2.v20210721-1149/jre/bin;C:\Program Files\Eclipse Foundation\jdk-11.0.12.7-hotspot\bin;C:\Windows\system32;C:\Windows;C:\Windows\System32\Wbem;C:\Windows\System32\WindowsPowerShell\v1.0\;C:\Windows\System32\OpenSSH\;C:\Users\ADMIN\AppData\Local\Microsoft\WindowsApps;C:\adb;C:\WINDOWS\system32;C:\WINDOWS;C:\WINDOWS\System32\Wbem;C:\WINDOWS\System32\WindowsPowerShell\v1.0\;C:\WINDOWS\System32\OpenSSH\;C:\Program Files\Eclipse Foundation\jdk-11.0.12.7-hotspot\\bin;C:\Users\ADMIN\AppData\Local\Microsoft\WindowsApps;;C:\Users\ADMIN\AppData\Local\Programs\Microsoft VS Code\bin;D:\eclipse;
USERNAME=ADMIN
OS=Windows_NT
PROCESSOR_IDENTIFIER=Intel64 Family 6 Model 58 Stepping 9, GenuineIntel



---------------  S Y S T E M  ---------------

OS: Windows 10 , 64 bit Build 19041 (10.0.19041.1348)
OS uptime: 0 days 13:45 hours

CPU:total 4 (initial active 4) (2 cores per cpu, 2 threads per core) family 6 model 58 stepping 9, cmov, cx8, fxsr, mmx, sse, sse2, sse3, ssse3, sse4.1, sse4.2, popcnt, avx, aes, clmul, erms, ht, tsc, tscinvbit, tscinv

Memory: 4k page, system-wide physical 4991M (1002M free)
TotalPageFile size 12603M (AvailPageFile size 98M)
current process WorkingSet (physical memory assigned to process): 82M, peak: 82M
current process commit charge ("private bytes"): 148M, peak: 243M

vm_info: OpenJDK 64-Bit Server VM (14.0.2+12-46) for windows-amd64 JRE (14.0.2+12-46), built on Jul  9 2020 00:31:16 by "mach5one" with MS VC++ 15.9 (VS2017)

END.
