#
# There is insufficient memory for the Java Runtime Environment to continue.
# Native memory allocation (mmap) failed to map 132120576 bytes for Failed to commit area from 0x00000000b8f00000 to 0x00000000c0d00000 of length 132120576.
# Possible reasons:
#   The system is out of physical RAM or swap space
#   The process is running with CompressedOops enabled, and the Java Heap may be blocking the growth of the native heap
# Possible solutions:
#   Reduce memory load on the system
#   Increase physical memory or swap space
#   Check if swap backing store is full
#   Decrease Java heap size (-Xmx/-Xms)
#   Decrease number of Java threads
#   Decrease Java thread stack sizes (-Xss)
#   Set larger code cache with -XX:ReservedCodeCacheSize=
#   JVM is running with Unscaled Compressed Oops mode in which the Java heap is
#     placed in the first 4GB address space. The Java Heap base address is the
#     maximum limit for the native heap growth. Please use -XX:HeapBaseMinAddress
#     to set the Java Heap base and to place the Java Heap above 4GB virtual address.
# This output file may be truncated or incomplete.
#
#  Out of Memory Error (./open/src/hotspot/os/windows/os_windows.cpp:3315), pid=11196, tid=7744
#
# JRE version: OpenJDK Runtime Environment (14.0.2+12) (build 14.0.2+12-46)
# Java VM: OpenJDK 64-Bit Server VM (14.0.2+12-46, mixed mode, tiered, compressed oops, g1 gc, windows-amd64)
# No core dump will be written. Minidumps are not enabled by default on client versions of Windows
#

---------------  S U M M A R Y ------------

Command Line: -Dfile.encoding=UTF-8 -XX:+ShowCodeDetailsInExceptionMessages AS2_Main

Host: Intel(R) Core(TM) i5-3320M CPU @ 2.60GHz, 4 cores, 4G,  Windows 10 , 64 bit Build 19041 (10.0.19041.1348)
Time: Sun Nov 28 22:56:06 2021 SE Asia Standard Time elapsed time: 2 seconds (0d 0h 0m 2s)

---------------  T H R E A D  ---------------

Current thread (0x00000232cea23000):  VMThread "VM Thread" [stack: 0x0000009ee8f00000,0x0000009ee9000000] [id=7744]

Stack: [0x0000009ee8f00000,0x0000009ee9000000]
[error occurred during error reporting (printing stack bounds), id 0xc0000005, EXCEPTION_ACCESS_VIOLATION (0xc0000005) at pc=0x00000232ba7110ad]

Native frames: (J=compiled Java code, j=interpreted, Vv=VM code, C=native code)
V  [jvm.dll+0x5f8a9a]
V  [jvm.dll+0x74247a]
V  [jvm.dll+0x743c2f]
V  [jvm.dll+0x7441d5]
V  [jvm.dll+0x74418b]
V  [jvm.dll+0x5f7f6f]
V  [jvm.dll+0x5f8738]
C  [ntdll.dll+0xa20cf]
C  [ntdll.dll+0x51454]
C  [ntdll.dll+0xa0bfe]
C  0x00000232ba7110ad

VM_Operation (0x0000009ee89fdbd0): G1CollectForAllocation, mode: safepoint, requested by thread 0x00000232b6a36800


---------------  P R O C E S S  ---------------

Threads class SMR info:
_java_thread_list=0x00000232cf4de0a0, length=11, elements={
0x00000232b6a36800, 0x00000232cea37800, 0x00000232cea38800, 0x00000232cea5e800,
0x00000232cea61800, 0x00000232cea62800, 0x00000232cea67000, 0x00000232cea6a800,
0x00000232cea80000, 0x00000232cf50d000, 0x00000232cf526800
}

Java Threads: ( => current thread )
  0x00000232b6a36800 JavaThread "main" [_thread_blocked, id=3984, stack(0x0000009ee8900000,0x0000009ee8a00000)]
  0x00000232cea37800 JavaThread "Reference Handler" daemon [_thread_blocked, id=13052, stack(0x0000009ee9000000,0x0000009ee9100000)]
  0x00000232cea38800 JavaThread "Finalizer" daemon [_thread_blocked, id=1112, stack(0x0000009ee9100000,0x0000009ee9200000)]
  0x00000232cea5e800 JavaThread "Signal Dispatcher" daemon [_thread_blocked, id=13632, stack(0x0000009ee9200000,0x0000009ee9300000)]
  0x00000232cea61800 JavaThread "Attach Listener" daemon [_thread_blocked, id=9232, stack(0x0000009ee9300000,0x0000009ee9400000)]
  0x00000232cea62800 JavaThread "Service Thread" daemon [_thread_blocked, id=14364, stack(0x0000009ee9400000,0x0000009ee9500000)]
  0x00000232cea67000 JavaThread "C2 CompilerThread0" daemon [_thread_in_native, id=4980, stack(0x0000009ee9500000,0x0000009ee9600000)]
  0x00000232cea6a800 JavaThread "C1 CompilerThread0" daemon [_thread_blocked, id=10832, stack(0x0000009ee9600000,0x0000009ee9700000)]
  0x00000232cea80000 JavaThread "Sweeper thread" daemon [_thread_blocked, id=14796, stack(0x0000009ee9700000,0x0000009ee9800000)]
  0x00000232cf50d000 JavaThread "Notification Thread" daemon [_thread_blocked, id=8688, stack(0x0000009ee9800000,0x0000009ee9900000)]
  0x00000232cf526800 JavaThread "Common-Cleaner" daemon [_thread_blocked, id=8608, stack(0x0000009ee9a00000,0x0000009ee9b00000)]

Other Threads:
=>0x00000232cea23000 VMThread "VM Thread" [stack: 0x0000009ee8f00000,0x0000009ee9000000] [id=7744]
  0x00000232cf50e000 WatcherThread [stack: 0x0000009ee9900000,0x0000009ee9a00000] [id=13756]
  0x00000232b6a6b000 GCTaskThread "GC Thread#0" [stack: 0x0000009ee8a00000,0x0000009ee8b00000] [id=11304]
  0x00000232cf601800 GCTaskThread "GC Thread#1" [stack: 0x0000009ee9b00000,0x0000009ee9c00000] [id=14440]
  0x00000232b6a79800 ConcurrentGCThread "G1 Main Marker" [stack: 0x0000009ee8b00000,0x0000009ee8c00000] [id=6472]
  0x00000232b6a7b000 ConcurrentGCThread "G1 Conc#0" [stack: 0x0000009ee8c00000,0x0000009ee8d00000] [id=14524]
  0x00000232b6ad8000 ConcurrentGCThread "G1 Refine#0" [stack: 0x0000009ee8d00000,0x0000009ee8e00000] [id=10616]
  0x00000232b6ad9800 ConcurrentGCThread "G1 Young RemSet Sampling" [stack: 0x0000009ee8e00000,0x0000009ee8f00000] [id=5744]

Threads with active compile tasks:
C2 CompilerThread0     2692  222       4       Product::toString (59 bytes)

VM state:at safepoint (normal execution)

VM Mutex/Monitor currently owned by a thread:  ([mutex/lock_event])
[0x00000232b6a31d70] Threads_lock - owner thread: 0x00000232cea23000
[0x00000232b6a32ca0] Heap_lock - owner thread: 0x00000232b6a36800

Heap address: 0x00000000b2000000, size: 1248 MB, Compressed Oops mode: 32-bit
Narrow klass base: 0x0000000000000000, Narrow klass shift: 3
Compressed class space size: 1073741824 Address: 0x0000000100000000

Heap:
 garbage-first heap   total 242688K, used 1421K [0x00000000b2000000, 0x0000000100000000)
  region size 1024K, 1 young (1024K), 1 survivors (1024K)
 Metaspace       used 6804K, capacity 6938K, committed 7168K, reserved 1056768K
  class space    used 604K, capacity 649K, committed 768K, reserved 1048576K
Heap Regions: E=young(eden), S=young(survivor), O=old, HS=humongous(starts), HC=humongous(continues), CS=collection set, F=free, OA=open archive, CA=closed archive, TAMS=top-at-mark-start (previous, next)
|   0|0x00000000b2000000, 0x00000000b20fe400, 0x00000000b2100000| 99%| O|  |TAMS 0x00000000b2000000, 0x00000000b2000000| Untracked 
|   1|0x00000000b2100000, 0x00000000b2100000, 0x00000000b2200000|  0%| F|  |TAMS 0x00000000b2100000, 0x00000000b2100000| Untracked 
|   2|0x00000000b2200000, 0x00000000b2200000, 0x00000000b2300000|  0%| F|  |TAMS 0x00000000b2200000, 0x00000000b2200000| Untracked 
|   3|0x00000000b2300000, 0x00000000b2300000, 0x00000000b2400000|  0%| F|  |TAMS 0x00000000b2300000, 0x00000000b2300000| Untracked 
|   4|0x00000000b2400000, 0x00000000b2400000, 0x00000000b2500000|  0%| F|  |TAMS 0x00000000b2400000, 0x00000000b2400000| Untracked 
|   5|0x00000000b2500000, 0x00000000b2500000, 0x00000000b2600000|  0%| F|  |TAMS 0x00000000b2500000, 0x00000000b2500000| Untracked 
|   6|0x00000000b2600000, 0x00000000b2600000, 0x00000000b2700000|  0%| F|  |TAMS 0x00000000b2600000, 0x00000000b2600000| Untracked 
|   7|0x00000000b2700000, 0x00000000b2700000, 0x00000000b2800000|  0%| F|  |TAMS 0x00000000b2700000, 0x00000000b2700000| Untracked 
|   8|0x00000000b2800000, 0x00000000b2800000, 0x00000000b2900000|  0%| F|  |TAMS 0x00000000b2800000, 0x00000000b2800000| Untracked 
|   9|0x00000000b2900000, 0x00000000b2900000, 0x00000000b2a00000|  0%| F|  |TAMS 0x00000000b2900000, 0x00000000b2900000| Untracked 
|  10|0x00000000b2a00000, 0x00000000b2a00000, 0x00000000b2b00000|  0%| F|  |TAMS 0x00000000b2a00000, 0x00000000b2a00000| Untracked 
|  11|0x00000000b2b00000, 0x00000000b2b00000, 0x00000000b2c00000|  0%| F|  |TAMS 0x00000000b2b00000, 0x00000000b2b00000| Untracked 
|  12|0x00000000b2c00000, 0x00000000b2c00000, 0x00000000b2d00000|  0%| F|  |TAMS 0x00000000b2c00000, 0x00000000b2c00000| Untracked 
|  13|0x00000000b2d00000, 0x00000000b2d00000, 0x00000000b2e00000|  0%| F|  |TAMS 0x00000000b2d00000, 0x00000000b2d00000| Untracked 
|  14|0x00000000b2e00000, 0x00000000b2e00000, 0x00000000b2f00000|  0%| F|  |TAMS 0x00000000b2e00000, 0x00000000b2e00000| Untracked 
|  15|0x00000000b2f00000, 0x00000000b2f00000, 0x00000000b3000000|  0%| F|  |TAMS 0x00000000b2f00000, 0x00000000b2f00000| Untracked 
|  16|0x00000000b3000000, 0x00000000b3000000, 0x00000000b3100000|  0%| F|  |TAMS 0x00000000b3000000, 0x00000000b3000000| Untracked 
|  17|0x00000000b3100000, 0x00000000b3100000, 0x00000000b3200000|  0%| F|  |TAMS 0x00000000b3100000, 0x00000000b3100000| Untracked 
|  18|0x00000000b3200000, 0x00000000b3200000, 0x00000000b3300000|  0%| F|  |TAMS 0x00000000b3200000, 0x00000000b3200000| Untracked 
|  19|0x00000000b3300000, 0x00000000b3300000, 0x00000000b3400000|  0%| F|  |TAMS 0x00000000b3300000, 0x00000000b3300000| Untracked 
|  20|0x00000000b3400000, 0x00000000b3400000, 0x00000000b3500000|  0%| F|  |TAMS 0x00000000b3400000, 0x00000000b3400000| Untracked 
|  21|0x00000000b3500000, 0x00000000b3500000, 0x00000000b3600000|  0%| F|  |TAMS 0x00000000b3500000, 0x00000000b3500000| Untracked 
|  22|0x00000000b3600000, 0x00000000b3600000, 0x00000000b3700000|  0%| F|  |TAMS 0x00000000b3600000, 0x00000000b3600000| Untracked 
|  23|0x00000000b3700000, 0x00000000b3700000, 0x00000000b3800000|  0%| F|  |TAMS 0x00000000b3700000, 0x00000000b3700000| Untracked 
|  24|0x00000000b3800000, 0x00000000b3800000, 0x00000000b3900000|  0%| F|  |TAMS 0x00000000b3800000, 0x00000000b3800000| Untracked 
|  25|0x00000000b3900000, 0x00000000b3900000, 0x00000000b3a00000|  0%| F|  |TAMS 0x00000000b3900000, 0x00000000b3900000| Untracked 
|  26|0x00000000b3a00000, 0x00000000b3a00000, 0x00000000b3b00000|  0%| F|  |TAMS 0x00000000b3a00000, 0x00000000b3a00000| Untracked 
|  27|0x00000000b3b00000, 0x00000000b3b00000, 0x00000000b3c00000|  0%| F|  |TAMS 0x00000000b3b00000, 0x00000000b3b00000| Untracked 
|  28|0x00000000b3c00000, 0x00000000b3c00000, 0x00000000b3d00000|  0%| F|  |TAMS 0x00000000b3c00000, 0x00000000b3c00000| Untracked 
|  29|0x00000000b3d00000, 0x00000000b3d00000, 0x00000000b3e00000|  0%| F|  |TAMS 0x00000000b3d00000, 0x00000000b3d00000| Untracked 
|  30|0x00000000b3e00000, 0x00000000b3e00000, 0x00000000b3f00000|  0%| F|  |TAMS 0x00000000b3e00000, 0x00000000b3e00000| Untracked 
|  31|0x00000000b3f00000, 0x00000000b3f00000, 0x00000000b4000000|  0%| F|  |TAMS 0x00000000b3f00000, 0x00000000b3f00000| Untracked 
|  32|0x00000000b4000000, 0x00000000b4000000, 0x00000000b4100000|  0%| F|  |TAMS 0x00000000b4000000, 0x00000000b4000000| Untracked 
|  33|0x00000000b4100000, 0x00000000b4100000, 0x00000000b4200000|  0%| F|  |TAMS 0x00000000b4100000, 0x00000000b4100000| Untracked 
|  34|0x00000000b4200000, 0x00000000b4200000, 0x00000000b4300000|  0%| F|  |TAMS 0x00000000b4200000, 0x00000000b4200000| Untracked 
|  35|0x00000000b4300000, 0x00000000b4300000, 0x00000000b4400000|  0%| F|  |TAMS 0x00000000b4300000, 0x00000000b4300000| Untracked 
|  36|0x00000000b4400000, 0x00000000b4400000, 0x00000000b4500000|  0%| F|  |TAMS 0x00000000b4400000, 0x00000000b4400000| Untracked 
|  37|0x00000000b4500000, 0x00000000b4500000, 0x00000000b4600000|  0%| F|  |TAMS 0x00000000b4500000, 0x00000000b4500000| Untracked 
|  38|0x00000000b4600000, 0x00000000b4600000, 0x00000000b4700000|  0%| F|  |TAMS 0x00000000b4600000, 0x00000000b4600000| Untracked 
|  39|0x00000000b4700000, 0x00000000b4700000, 0x00000000b4800000|  0%| F|  |TAMS 0x00000000b4700000, 0x00000000b4700000| Untracked 
|  40|0x00000000b4800000, 0x00000000b4800000, 0x00000000b4900000|  0%| F|  |TAMS 0x00000000b4800000, 0x00000000b4800000| Untracked 
|  41|0x00000000b4900000, 0x00000000b4900000, 0x00000000b4a00000|  0%| F|  |TAMS 0x00000000b4900000, 0x00000000b4900000| Untracked 
|  42|0x00000000b4a00000, 0x00000000b4a00000, 0x00000000b4b00000|  0%| F|  |TAMS 0x00000000b4a00000, 0x00000000b4a00000| Untracked 
|  43|0x00000000b4b00000, 0x00000000b4b00000, 0x00000000b4c00000|  0%| F|  |TAMS 0x00000000b4b00000, 0x00000000b4b00000| Untracked 
|  44|0x00000000b4c00000, 0x00000000b4c653c0, 0x00000000b4d00000| 39%| S|CS|TAMS 0x00000000b4c00000, 0x00000000b4c00000| Complete 
|  45|0x00000000b4d00000, 0x00000000b4d00000, 0x00000000b4e00000|  0%| F|  |TAMS 0x00000000b4d00000, 0x00000000b4d00000| Untracked 
|  46|0x00000000b4e00000, 0x00000000b4e00000, 0x00000000b4f00000|  0%| F|  |TAMS 0x00000000b4e00000, 0x00000000b4e00000| Untracked 
|  47|0x00000000b4f00000, 0x00000000b4f00000, 0x00000000b5000000|  0%| F|  |TAMS 0x00000000b4f00000, 0x00000000b4f00000| Untracked 
|  48|0x00000000b5000000, 0x00000000b5000000, 0x00000000b5100000|  0%| F|  |TAMS 0x00000000b5000000, 0x00000000b5000000| Untracked 
|  49|0x00000000b5100000, 0x00000000b5100000, 0x00000000b5200000|  0%| F|  |TAMS 0x00000000b5100000, 0x00000000b5100000| Untracked 
|  50|0x00000000b5200000, 0x00000000b5200000, 0x00000000b5300000|  0%| F|  |TAMS 0x00000000b5200000, 0x00000000b5200000| Untracked 
|  51|0x00000000b5300000, 0x00000000b5300000, 0x00000000b5400000|  0%| F|  |TAMS 0x00000000b5300000, 0x00000000b5300000| Untracked 
|  52|0x00000000b5400000, 0x00000000b5400000, 0x00000000b5500000|  0%| F|  |TAMS 0x00000000b5400000, 0x00000000b5400000| Untracked 
|  53|0x00000000b5500000, 0x00000000b5500000, 0x00000000b5600000|  0%| F|  |TAMS 0x00000000b5500000, 0x00000000b5500000| Untracked 
|  54|0x00000000b5600000, 0x00000000b5600000, 0x00000000b5700000|  0%| F|  |TAMS 0x00000000b5600000, 0x00000000b5600000| Untracked 
|  55|0x00000000b5700000, 0x00000000b5700000, 0x00000000b5800000|  0%| F|  |TAMS 0x00000000b5700000, 0x00000000b5700000| Untracked 
|  56|0x00000000b5800000, 0x00000000b5800000, 0x00000000b5900000|  0%| F|  |TAMS 0x00000000b5800000, 0x00000000b5800000| Untracked 
|  57|0x00000000b5900000, 0x00000000b5900000, 0x00000000b5a00000|  0%| F|  |TAMS 0x00000000b5900000, 0x00000000b5900000| Untracked 
|  58|0x00000000b5a00000, 0x00000000b5a00000, 0x00000000b5b00000|  0%| F|  |TAMS 0x00000000b5a00000, 0x00000000b5a00000| Untracked 
|  59|0x00000000b5b00000, 0x00000000b5b00000, 0x00000000b5c00000|  0%| F|  |TAMS 0x00000000b5b00000, 0x00000000b5b00000| Untracked 
|  60|0x00000000b5c00000, 0x00000000b5c00000, 0x00000000b5d00000|  0%| F|  |TAMS 0x00000000b5c00000, 0x00000000b5c00000| Untracked 
|  61|0x00000000b5d00000, 0x00000000b5d00000, 0x00000000b5e00000|  0%| F|  |TAMS 0x00000000b5d00000, 0x00000000b5d00000| Untracked 
|  62|0x00000000b5e00000, 0x00000000b5e00000, 0x00000000b5f00000|  0%| F|  |TAMS 0x00000000b5e00000, 0x00000000b5e00000| Untracked 
|  63|0x00000000b5f00000, 0x00000000b5f00000, 0x00000000b6000000|  0%| F|  |TAMS 0x00000000b5f00000, 0x00000000b5f00000| Untracked 
|  64|0x00000000b6000000, 0x00000000b6000000, 0x00000000b6100000|  0%| F|  |TAMS 0x00000000b6000000, 0x00000000b6000000| Untracked 
|  65|0x00000000b6100000, 0x00000000b6100000, 0x00000000b6200000|  0%| F|  |TAMS 0x00000000b6100000, 0x00000000b6100000| Untracked 
|  66|0x00000000b6200000, 0x00000000b6200000, 0x00000000b6300000|  0%| F|  |TAMS 0x00000000b6200000, 0x00000000b6200000| Untracked 
|  67|0x00000000b6300000, 0x00000000b6300000, 0x00000000b6400000|  0%| F|  |TAMS 0x00000000b6300000, 0x00000000b6300000| Untracked 
|  68|0x00000000b6400000, 0x00000000b6400000, 0x00000000b6500000|  0%| F|  |TAMS 0x00000000b6400000, 0x00000000b6400000| Untracked 
|  69|0x00000000b6500000, 0x00000000b6500000, 0x00000000b6600000|  0%| F|  |TAMS 0x00000000b6500000, 0x00000000b6500000| Untracked 
|  70|0x00000000b6600000, 0x00000000b6600000, 0x00000000b6700000|  0%| F|  |TAMS 0x00000000b6600000, 0x00000000b6600000| Untracked 
|  71|0x00000000b6700000, 0x00000000b6700000, 0x00000000b6800000|  0%| F|  |TAMS 0x00000000b6700000, 0x00000000b6700000| Untracked 
|  72|0x00000000b6800000, 0x00000000b6800000, 0x00000000b6900000|  0%| F|  |TAMS 0x00000000b6800000, 0x00000000b6800000| Untracked 
|  73|0x00000000b6900000, 0x00000000b6900000, 0x00000000b6a00000|  0%| F|  |TAMS 0x00000000b6900000, 0x00000000b6900000| Untracked 
|  74|0x00000000b6a00000, 0x00000000b6a00000, 0x00000000b6b00000|  0%| F|  |TAMS 0x00000000b6a00000, 0x00000000b6a00000| Untracked 
|  75|0x00000000b6b00000, 0x00000000b6b00000, 0x00000000b6c00000|  0%| F|  |TAMS 0x00000000b6b00000, 0x00000000b6b00000| Untracked 
|  76|0x00000000b6c00000, 0x00000000b6c00000, 0x00000000b6d00000|  0%| F|  |TAMS 0x00000000b6c00000, 0x00000000b6c00000| Untracked 
|  77|0x00000000b6d00000, 0x00000000b6d00000, 0x00000000b6e00000|  0%| F|  |TAMS 0x00000000b6d00000, 0x00000000b6d00000| Untracked 
|  78|0x00000000b6e00000, 0x00000000b6e00000, 0x00000000b6f00000|  0%| F|  |TAMS 0x00000000b6e00000, 0x00000000b6e00000| Untracked 
|  79|0x00000000b6f00000, 0x00000000b6f00000, 0x00000000b7000000|  0%| F|  |TAMS 0x00000000b6f00000, 0x00000000b6f00000| Untracked 
|  80|0x00000000b7000000, 0x00000000b7000000, 0x00000000b7100000|  0%| F|  |TAMS 0x00000000b7000000, 0x00000000b7000000| Untracked 
|  81|0x00000000b7100000, 0x00000000b7100000, 0x00000000b7200000|  0%| F|  |TAMS 0x00000000b7100000, 0x00000000b7100000| Untracked 
|  82|0x00000000b7200000, 0x00000000b7200000, 0x00000000b7300000|  0%| F|  |TAMS 0x00000000b7200000, 0x00000000b7200000| Untracked 
|  83|0x00000000b7300000, 0x00000000b7300000, 0x00000000b7400000|  0%| F|  |TAMS 0x00000000b7300000, 0x00000000b7300000| Untracked 
|  84|0x00000000b7400000, 0x00000000b7400000, 0x00000000b7500000|  0%| F|  |TAMS 0x00000000b7400000, 0x00000000b7400000| Untracked 
|  85|0x00000000b7500000, 0x00000000b7500000, 0x00000000b7600000|  0%| F|  |TAMS 0x00000000b7500000, 0x00000000b7500000| Untracked 
|  86|0x00000000b7600000, 0x00000000b7600000, 0x00000000b7700000|  0%| F|  |TAMS 0x00000000b7600000, 0x00000000b7600000| Untracked 
|  87|0x00000000b7700000, 0x00000000b7700000, 0x00000000b7800000|  0%| F|  |TAMS 0x00000000b7700000, 0x00000000b7700000| Untracked 
|  88|0x00000000b7800000, 0x00000000b7800000, 0x00000000b7900000|  0%| F|  |TAMS 0x00000000b7800000, 0x00000000b7800000| Untracked 
|  89|0x00000000b7900000, 0x00000000b7900000, 0x00000000b7a00000|  0%| F|  |TAMS 0x00000000b7900000, 0x00000000b7900000| Untracked 
|  90|0x00000000b7a00000, 0x00000000b7a00000, 0x00000000b7b00000|  0%| F|  |TAMS 0x00000000b7a00000, 0x00000000b7a00000| Untracked 
|  91|0x00000000b7b00000, 0x00000000b7b00000, 0x00000000b7c00000|  0%| F|  |TAMS 0x00000000b7b00000, 0x00000000b7b00000| Untracked 
|  92|0x00000000b7c00000, 0x00000000b7c00000, 0x00000000b7d00000|  0%| F|  |TAMS 0x00000000b7c00000, 0x00000000b7c00000| Untracked 
|  93|0x00000000b7d00000, 0x00000000b7d00000, 0x00000000b7e00000|  0%| F|  |TAMS 0x00000000b7d00000, 0x00000000b7d00000| Untracked 
|  94|0x00000000b7e00000, 0x00000000b7e00000, 0x00000000b7f00000|  0%| F|  |TAMS 0x00000000b7e00000, 0x00000000b7e00000| Untracked 
|  95|0x00000000b7f00000, 0x00000000b7f00000, 0x00000000b8000000|  0%| F|  |TAMS 0x00000000b7f00000, 0x00000000b7f00000| Untracked 
|  96|0x00000000b8000000, 0x00000000b8000000, 0x00000000b8100000|  0%| F|  |TAMS 0x00000000b8000000, 0x00000000b8000000| Untracked 
|  97|0x00000000b8100000, 0x00000000b8100000, 0x00000000b8200000|  0%| F|  |TAMS 0x00000000b8100000, 0x00000000b8100000| Untracked 
|  98|0x00000000b8200000, 0x00000000b8200000, 0x00000000b8300000|  0%| F|  |TAMS 0x00000000b8200000, 0x00000000b8200000| Untracked 
|  99|0x00000000b8300000, 0x00000000b8300000, 0x00000000b8400000|  0%| F|  |TAMS 0x00000000b8300000, 0x00000000b8300000| Untracked 
| 100|0x00000000b8400000, 0x00000000b8400000, 0x00000000b8500000|  0%| F|  |TAMS 0x00000000b8400000, 0x00000000b8400000| Untracked 
| 101|0x00000000b8500000, 0x00000000b8500000, 0x00000000b8600000|  0%| F|  |TAMS 0x00000000b8500000, 0x00000000b8500000| Untracked 
| 102|0x00000000b8600000, 0x00000000b8600000, 0x00000000b8700000|  0%| F|  |TAMS 0x00000000b8600000, 0x00000000b8600000| Untracked 
| 103|0x00000000b8700000, 0x00000000b8700000, 0x00000000b8800000|  0%| F|  |TAMS 0x00000000b8700000, 0x00000000b8700000| Untracked 
| 104|0x00000000b8800000, 0x00000000b8800000, 0x00000000b8900000|  0%| F|  |TAMS 0x00000000b8800000, 0x00000000b8800000| Untracked 
| 105|0x00000000b8900000, 0x00000000b8900000, 0x00000000b8a00000|  0%| F|  |TAMS 0x00000000b8900000, 0x00000000b8900000| Untracked 
| 106|0x00000000b8a00000, 0x00000000b8a00000, 0x00000000b8b00000|  0%| F|  |TAMS 0x00000000b8a00000, 0x00000000b8a00000| Untracked 
| 107|0x00000000b8b00000, 0x00000000b8b00000, 0x00000000b8c00000|  0%| F|  |TAMS 0x00000000b8b00000, 0x00000000b8b00000| Untracked 
| 108|0x00000000b8c00000, 0x00000000b8c00000, 0x00000000b8d00000|  0%| F|  |TAMS 0x00000000b8c00000, 0x00000000b8c00000| Untracked 
| 109|0x00000000b8d00000, 0x00000000b8d00000, 0x00000000b8e00000|  0%| F|  |TAMS 0x00000000b8d00000, 0x00000000b8d00000| Untracked 
| 110|0x00000000b8e00000, 0x00000000b8e00000, 0x00000000b8f00000|  0%| F|  |TAMS 0x00000000b8e00000, 0x00000000b8e00000| Untracked 

Card table byte_map: [0x00000232c9980000,0x00000232c9bf0000] _byte_map_base: 0x00000232c93f0000

Marking Bits (Prev, Next): (CMBitMap*) 0x00000232b6a6ec18, (CMBitMap*) 0x00000232b6a6ec58
 Prev Bits: [0x00000232c9e60000, 0x00000232cb1e0000)
 Next Bits: [0x00000232cb1e0000, 0x00000232cc560000)

Polling page: 0x00000232b6220000

Metaspace:

Usage:
  Non-class:      6.14 MB capacity,     6.05 MB ( 99%) used,    83.98 KB (  1%) free+waste,     5.50 KB ( <1%) overhead. 
      Class:    649.00 KB capacity,   604.92 KB ( 93%) used,    41.45 KB (  6%) free+waste,     2.63 KB ( <1%) overhead. 
       Both:      6.78 MB capacity,     6.64 MB ( 98%) used,   125.43 KB (  2%) free+waste,     8.13 KB ( <1%) overhead. 

Virtual space:
  Non-class space:        8.00 MB reserved,       6.25 MB ( 78%) committed 
      Class space:        1.00 GB reserved,     768.00 KB ( <1%) committed 
             Both:        1.01 GB reserved,       7.00 MB ( <1%) committed 

Chunk freelists:
   Non-Class:  47.00 KB
       Class:  23.00 KB
        Both:  70.00 KB

MaxMetaspaceSize: 17179869184.00 GB
CompressedClassSpaceSize: 1.00 GB

CodeHeap 'non-profiled nmethods': size=120000Kb used=85Kb max_used=85Kb free=119914Kb
 bounds [0x00000232c21e0000, 0x00000232c2450000, 0x00000232c9710000]
CodeHeap 'profiled nmethods': size=120000Kb used=264Kb max_used=264Kb free=119736Kb
 bounds [0x00000232bacb0000, 0x00000232baf20000, 0x00000232c21e0000]
CodeHeap 'non-nmethods': size=5760Kb used=1116Kb max_used=1132Kb free=4643Kb
 bounds [0x00000232ba710000, 0x00000232ba980000, 0x00000232bacb0000]
 total_blobs=579 nmethods=221 adapters=271
 compilation: enabled
              stopped_count=0, restarted_count=0
 full_count=0

Compilation events (20 events):
Event: 2.357 Thread 0x00000232cea67000 nmethod 212 0x00000232c21eef90 code [0x00000232c21ef140, 0x00000232c21ef378]
Event: 2.357 Thread 0x00000232cea67000  213       4       java.lang.AbstractStringBuilder::append (45 bytes)
Event: 2.374 Thread 0x00000232cea67000 nmethod 213 0x00000232c21ef490 code [0x00000232c21ef6a0, 0x00000232c21efdb8]
Event: 2.374 Thread 0x00000232cea67000  214       4       java.lang.StringBuilder::append (8 bytes)
Event: 2.392 Thread 0x00000232cea67000 nmethod 214 0x00000232c21f0110 code [0x00000232c21f0320, 0x00000232c21f0a58]
Event: 2.392 Thread 0x00000232cea67000  215       4       java.lang.AbstractStringBuilder::append (55 bytes)
Event: 2.407 Thread 0x00000232cea67000 nmethod 215 0x00000232c21f0e10 code [0x00000232c21f1020, 0x00000232c21f1728]
Event: 2.407 Thread 0x00000232cea67000  217       4       java.lang.Integer::stringSize (47 bytes)
Event: 2.411 Thread 0x00000232cea67000 nmethod 217 0x00000232c21f1a90 code [0x00000232c21f1c20, 0x00000232c21f1cd8]
Event: 2.411 Thread 0x00000232cea67000  216       4       java.util.Arrays::copyOfRange (64 bytes)
Event: 2.417 Thread 0x00000232cea67000 nmethod 216 0x00000232c21f1d90 code [0x00000232c21f1f40, 0x00000232c21f21d8]
Event: 2.424 Thread 0x00000232cea67000  218       4       java.lang.String::valueOf (15 bytes)
Event: 2.429 Thread 0x00000232cea67000 nmethod 218 0x00000232c21f2310 code [0x00000232c21f24a0, 0x00000232c21f2558]
Event: 2.429 Thread 0x00000232cea67000  219       4       java.lang.StringBuilder::<init> (6 bytes)
Event: 2.449 Thread 0x00000232cea67000 nmethod 219 0x00000232c21f2610 code [0x00000232c21f2860, 0x00000232c21f3258]
Event: 2.449 Thread 0x00000232cea67000  220       4       java.lang.AbstractStringBuilder::<init> (63 bytes)
Event: 2.469 Thread 0x00000232cea67000 nmethod 220 0x00000232c21f3710 code [0x00000232c21f3960, 0x00000232c21f4358]
Event: 2.469 Thread 0x00000232cea67000  221       4       java.lang.StringBuilder::append (6 bytes)
Event: 2.495 Thread 0x00000232cea67000 nmethod 221 0x00000232c21f4810 code [0x00000232c21f4a20, 0x00000232c21f5158]
Event: 2.556 Thread 0x00000232cea67000  222       4       Product::toString (59 bytes)

GC Heap History (20 events):
Event: 2.467 GC heap after
{Heap after GC invocations=6 (full 0):
 garbage-first heap   total 79872K, used 1225K [0x00000000b2000000, 0x0000000100000000)
  region size 1024K, 2 young (2048K), 2 survivors (2048K)
 Metaspace       used 6804K, capacity 6938K, committed 7168K, reserved 1056768K
  class space    used 604K, capacity 649K, committed 768K, reserved 1048576K
}
Event: 2.481 GC heap before
{Heap before GC invocations=6 (full 0):
 garbage-first heap   total 79872K, used 45257K [0x00000000b2000000, 0x0000000100000000)
  region size 1024K, 46 young (47104K), 2 survivors (2048K)
 Metaspace       used 6804K, capacity 6938K, committed 7168K, reserved 1056768K
  class space    used 604K, capacity 649K, committed 768K, reserved 1048576K
}
Event: 2.484 GC heap after
{Heap after GC invocations=7 (full 0):
 garbage-first heap   total 79872K, used 1222K [0x00000000b2000000, 0x0000000100000000)
  region size 1024K, 2 young (2048K), 2 survivors (2048K)
 Metaspace       used 6804K, capacity 6938K, committed 7168K, reserved 1056768K
  class space    used 604K, capacity 649K, committed 768K, reserved 1048576K
}
Event: 2.498 GC heap before
{Heap before GC invocations=7 (full 0):
 garbage-first heap   total 79872K, used 45254K [0x00000000b2000000, 0x0000000100000000)
  region size 1024K, 46 young (47104K), 2 survivors (2048K)
 Metaspace       used 6804K, capacity 6938K, committed 7168K, reserved 1056768K
  class space    used 604K, capacity 649K, committed 768K, reserved 1048576K
}
Event: 2.500 GC heap after
{Heap after GC invocations=8 (full 0):
 garbage-first heap   total 79872K, used 1222K [0x00000000b2000000, 0x0000000100000000)
  region size 1024K, 2 young (2048K), 2 survivors (2048K)
 Metaspace       used 6804K, capacity 6938K, committed 7168K, reserved 1056768K
  class space    used 604K, capacity 649K, committed 768K, reserved 1048576K
}
Event: 2.512 GC heap before
{Heap before GC invocations=8 (full 0):
 garbage-first heap   total 79872K, used 45254K [0x00000000b2000000, 0x0000000100000000)
  region size 1024K, 46 young (47104K), 2 survivors (2048K)
 Metaspace       used 6804K, capacity 6938K, committed 7168K, reserved 1056768K
  class space    used 604K, capacity 649K, committed 768K, reserved 1048576K
}
Event: 2.515 GC heap after
{Heap after GC invocations=9 (full 0):
 garbage-first heap   total 79872K, used 1127K [0x00000000b2000000, 0x0000000100000000)
  region size 1024K, 2 young (2048K), 2 survivors (2048K)
 Metaspace       used 6804K, capacity 6938K, committed 7168K, reserved 1056768K
  class space    used 604K, capacity 649K, committed 768K, reserved 1048576K
}
Event: 2.528 GC heap before
{Heap before GC invocations=9 (full 0):
 garbage-first heap   total 79872K, used 45159K [0x00000000b2000000, 0x0000000100000000)
  region size 1024K, 46 young (47104K), 2 survivors (2048K)
 Metaspace       used 6804K, capacity 6938K, committed 7168K, reserved 1056768K
  class space    used 604K, capacity 649K, committed 768K, reserved 1048576K
}
Event: 2.531 GC heap after
{Heap after GC invocations=10 (full 0):
 garbage-first heap   total 79872K, used 1230K [0x00000000b2000000, 0x0000000100000000)
  region size 1024K, 2 young (2048K), 2 survivors (2048K)
 Metaspace       used 6804K, capacity 6938K, committed 7168K, reserved 1056768K
  class space    used 604K, capacity 649K, committed 768K, reserved 1048576K
}
Event: 2.544 GC heap before
{Heap before GC invocations=10 (full 0):
 garbage-first heap   total 79872K, used 45262K [0x00000000b2000000, 0x0000000100000000)
  region size 1024K, 46 young (47104K), 2 survivors (2048K)
 Metaspace       used 6804K, capacity 6938K, committed 7168K, reserved 1056768K
  class space    used 604K, capacity 649K, committed 768K, reserved 1048576K
}
Event: 2.547 GC heap after
{Heap after GC invocations=11 (full 0):
 garbage-first heap   total 79872K, used 1323K [0x00000000b2000000, 0x0000000100000000)
  region size 1024K, 2 young (2048K), 2 survivors (2048K)
 Metaspace       used 6804K, capacity 6938K, committed 7168K, reserved 1056768K
  class space    used 604K, capacity 649K, committed 768K, reserved 1048576K
}
Event: 2.559 GC heap before
{Heap before GC invocations=11 (full 0):
 garbage-first heap   total 79872K, used 45355K [0x00000000b2000000, 0x0000000100000000)
  region size 1024K, 46 young (47104K), 2 survivors (2048K)
 Metaspace       used 6804K, capacity 6938K, committed 7168K, reserved 1056768K
  class space    used 604K, capacity 649K, committed 768K, reserved 1048576K
}
Event: 2.563 GC heap after
{Heap after GC invocations=12 (full 0):
 garbage-first heap   total 113664K, used 1320K [0x00000000b2000000, 0x0000000100000000)
  region size 1024K, 2 young (2048K), 2 survivors (2048K)
 Metaspace       used 6804K, capacity 6938K, committed 7168K, reserved 1056768K
  class space    used 604K, capacity 649K, committed 768K, reserved 1048576K
}
Event: 2.605 GC heap before
{Heap before GC invocations=12 (full 0):
 garbage-first heap   total 113664K, used 65832K [0x00000000b2000000, 0x0000000100000000)
  region size 1024K, 66 young (67584K), 2 survivors (2048K)
 Metaspace       used 6804K, capacity 6938K, committed 7168K, reserved 1056768K
  class space    used 604K, capacity 649K, committed 768K, reserved 1048576K
}
Event: 2.608 GC heap after
{Heap after GC invocations=13 (full 0):
 garbage-first heap   total 113664K, used 1223K [0x00000000b2000000, 0x0000000100000000)
  region size 1024K, 2 young (2048K), 2 survivors (2048K)
 Metaspace       used 6804K, capacity 6938K, committed 7168K, reserved 1056768K
  class space    used 604K, capacity 649K, committed 768K, reserved 1048576K
}
Event: 2.624 GC heap before
{Heap before GC invocations=13 (full 0):
 garbage-first heap   total 113664K, used 65735K [0x00000000b2000000, 0x0000000100000000)
  region size 1024K, 66 young (67584K), 2 survivors (2048K)
 Metaspace       used 6804K, capacity 6938K, committed 7168K, reserved 1056768K
  class space    used 604K, capacity 649K, committed 768K, reserved 1048576K
}
Event: 2.627 GC heap after
{Heap after GC invocations=14 (full 0):
 garbage-first heap   total 113664K, used 1324K [0x00000000b2000000, 0x0000000100000000)
  region size 1024K, 2 young (2048K), 2 survivors (2048K)
 Metaspace       used 6804K, capacity 6938K, committed 7168K, reserved 1056768K
  class space    used 604K, capacity 649K, committed 768K, reserved 1048576K
}
Event: 2.640 GC heap before
{Heap before GC invocations=14 (full 0):
 garbage-first heap   total 113664K, used 65836K [0x00000000b2000000, 0x0000000100000000)
  region size 1024K, 66 young (67584K), 2 survivors (2048K)
 Metaspace       used 6804K, capacity 6938K, committed 7168K, reserved 1056768K
  class space    used 604K, capacity 649K, committed 768K, reserved 1048576K
}
Event: 2.643 GC heap after
{Heap after GC invocations=15 (full 0):
 garbage-first heap   total 113664K, used 1222K [0x00000000b2000000, 0x0000000100000000)
  region size 1024K, 2 young (2048K), 2 survivors (2048K)
 Metaspace       used 6804K, capacity 6938K, committed 7168K, reserved 1056768K
  class space    used 604K, capacity 649K, committed 768K, reserved 1048576K
}
Event: 2.668 GC heap before
{Heap before GC invocations=15 (full 0):
 garbage-first heap   total 113664K, used 65734K [0x00000000b2000000, 0x0000000100000000)
  region size 1024K, 66 young (67584K), 2 survivors (2048K)
 Metaspace       used 6804K, capacity 6938K, committed 7168K, reserved 1056768K
  class space    used 604K, capacity 649K, committed 768K, reserved 1048576K
}

Deoptimization events (4 events):
Event: 0.154 Thread 0x00000232b6a36800 Uncommon trap: trap_request=0xffffff45 fr.pc=0x00000232c21e460c relative=0x00000000000001ac
Event: 0.154 Thread 0x00000232b6a36800 Uncommon trap: reason=unstable_if action=reinterpret pc=0x00000232c21e460c method=java.lang.String.hashCode()I @ 42 c2
Event: 0.154 Thread 0x00000232b6a36800 DEOPT PACKING pc=0x00000232c21e460c sp=0x0000009ee89fd500
Event: 0.154 Thread 0x00000232b6a36800 DEOPT UNPACKING pc=0x00000232ba75912f sp=0x0000009ee89fd498 mode 2

Classes unloaded (0 events):
No events

Classes redefined (0 events):
No events

Internal exceptions (1 events):
Event: 0.196 Thread 0x00000232b6a36800 Exception <a 'java/lang/NoSuchMethodError'{0x00000000b6c038c0}: 'int java.lang.invoke.DirectMethodHandle$Holder.invokeSpecialIFC(java.lang.Object, java.lang.Object, int)'> (0x00000000b6c038c0) 
thrown [./open/src/hotspot/share/interpreter/linkResolver.cpp, line 766]

Events (20 events):
Event: 2.467 Executing VM operation: G1CollectForAllocation done
Event: 2.480 Executing VM operation: G1CollectForAllocation
Event: 2.484 Executing VM operation: G1CollectForAllocation done
Event: 2.497 Executing VM operation: G1CollectForAllocation
Event: 2.500 Executing VM operation: G1CollectForAllocation done
Event: 2.512 Executing VM operation: G1CollectForAllocation
Event: 2.515 Executing VM operation: G1CollectForAllocation done
Event: 2.527 Executing VM operation: G1CollectForAllocation
Event: 2.531 Executing VM operation: G1CollectForAllocation done
Event: 2.544 Executing VM operation: G1CollectForAllocation
Event: 2.547 Executing VM operation: G1CollectForAllocation done
Event: 2.559 Executing VM operation: G1CollectForAllocation
Event: 2.563 Executing VM operation: G1CollectForAllocation done
Event: 2.604 Executing VM operation: G1CollectForAllocation
Event: 2.608 Executing VM operation: G1CollectForAllocation done
Event: 2.624 Executing VM operation: G1CollectForAllocation
Event: 2.627 Executing VM operation: G1CollectForAllocation done
Event: 2.640 Executing VM operation: G1CollectForAllocation
Event: 2.643 Executing VM operation: G1CollectForAllocation done
Event: 2.668 Executing VM operation: G1CollectForAllocation


Dynamic libraries:
0x00007ff6fa040000 - 0x00007ff6fa04d000 	C:\Users\ADMIN\.p2\pool\plugins\org.eclipse.justj.openjdk.hotspot.jre.full.win32.x86_64_14.0.2.v20200815-0932\jre\bin\javaw.exe
0x00007ff816790000 - 0x00007ff816985000 	C:\WINDOWS\SYSTEM32\ntdll.dll
0x00007ff815970000 - 0x00007ff815a2e000 	C:\WINDOWS\System32\KERNEL32.DLL
0x00007ff8144b0000 - 0x00007ff814778000 	C:\WINDOWS\System32\KERNELBASE.dll
0x00007ff8143b0000 - 0x00007ff8144b0000 	C:\WINDOWS\System32\ucrtbase.dll
0x00007ff808950000 - 0x00007ff808968000 	C:\Users\ADMIN\.p2\pool\plugins\org.eclipse.justj.openjdk.hotspot.jre.full.win32.x86_64_14.0.2.v20200815-0932\jre\bin\jli.dll
0x00007ff808930000 - 0x00007ff808945000 	C:\Users\ADMIN\.p2\pool\plugins\org.eclipse.justj.openjdk.hotspot.jre.full.win32.x86_64_14.0.2.v20200815-0932\jre\bin\VCRUNTIME140.dll
0x00007ff815fb0000 - 0x00007ff816151000 	C:\WINDOWS\System32\USER32.dll
0x00007ff814380000 - 0x00007ff8143a2000 	C:\WINDOWS\System32\win32u.dll
0x00007ff815ad0000 - 0x00007ff815afb000 	C:\WINDOWS\System32\GDI32.dll
0x00007ff814220000 - 0x00007ff81432b000 	C:\WINDOWS\System32\gdi32full.dll
0x00007ff813eb0000 - 0x00007ff813f4d000 	C:\WINDOWS\System32\msvcp_win.dll
0x00007fffff5a0000 - 0x00007fffff83a000 	C:\WINDOWS\WinSxS\amd64_microsoft.windows.common-controls_6595b64144ccf1df_6.0.19041.1110_none_60b5254171f9507e\COMCTL32.dll
0x00007ff815ea0000 - 0x00007ff815f3e000 	C:\WINDOWS\System32\msvcrt.dll
0x00007ff814d40000 - 0x00007ff814d70000 	C:\WINDOWS\System32\IMM32.DLL
0x00007fffedff0000 - 0x00007fffee08b000 	C:\Users\ADMIN\.p2\pool\plugins\org.eclipse.justj.openjdk.hotspot.jre.full.win32.x86_64_14.0.2.v20200815-0932\jre\bin\msvcp140.dll
0x00007fffac410000 - 0x00007fffacf2e000 	C:\Users\ADMIN\.p2\pool\plugins\org.eclipse.justj.openjdk.hotspot.jre.full.win32.x86_64_14.0.2.v20200815-0932\jre\bin\server\jvm.dll
0x00007ff814920000 - 0x00007ff8149cc000 	C:\WINDOWS\System32\ADVAPI32.dll
0x00007ff815a30000 - 0x00007ff815acb000 	C:\WINDOWS\System32\sechost.dll
0x00007ff815bf0000 - 0x00007ff815d1a000 	C:\WINDOWS\System32\RPCRT4.dll
0x00007ff8149d0000 - 0x00007ff8149d8000 	C:\WINDOWS\System32\PSAPI.DLL
0x00007ff803090000 - 0x00007ff8030b7000 	C:\WINDOWS\SYSTEM32\WINMM.dll
0x00007ff806c90000 - 0x00007ff806c9a000 	C:\WINDOWS\SYSTEM32\VERSION.dll
0x00007ff80f410000 - 0x00007ff80f419000 	C:\WINDOWS\SYSTEM32\WSOCK32.dll
0x00007ff815f40000 - 0x00007ff815fab000 	C:\WINDOWS\System32\WS2_32.dll
0x00007ff811db0000 - 0x00007ff811dc2000 	C:\WINDOWS\SYSTEM32\kernel.appcore.dll
0x00007ff80fb60000 - 0x00007ff80fb6a000 	C:\Users\ADMIN\.p2\pool\plugins\org.eclipse.justj.openjdk.hotspot.jre.full.win32.x86_64_14.0.2.v20200815-0932\jre\bin\jimage.dll
0x00007ff806de0000 - 0x00007ff806fc4000 	C:\WINDOWS\SYSTEM32\DBGHELP.DLL
0x00007ff806cf0000 - 0x00007ff806d1c000 	C:\WINDOWS\SYSTEM32\dbgcore.DLL
0x00007ff813f50000 - 0x00007ff813fd3000 	C:\WINDOWS\System32\bcryptPrimitives.dll
0x00007ff808390000 - 0x00007ff8083b5000 	C:\Users\ADMIN\.p2\pool\plugins\org.eclipse.justj.openjdk.hotspot.jre.full.win32.x86_64_14.0.2.v20200815-0932\jre\bin\java.dll
0x00007ff807e80000 - 0x00007ff807e96000 	C:\Users\ADMIN\.p2\pool\plugins\org.eclipse.justj.openjdk.hotspot.jre.full.win32.x86_64_14.0.2.v20200815-0932\jre\bin\zip.dll
0x00007ff815090000 - 0x00007ff8157cf000 	C:\WINDOWS\System32\SHELL32.dll
0x00007ff811fb0000 - 0x00007ff812740000 	C:\WINDOWS\SYSTEM32\windows.storage.dll
0x00007ff8149e0000 - 0x00007ff814d35000 	C:\WINDOWS\System32\combase.dll
0x00007ff813830000 - 0x00007ff81385e000 	C:\WINDOWS\SYSTEM32\Wldp.dll
0x00007ff814d70000 - 0x00007ff814e1d000 	C:\WINDOWS\System32\SHCORE.dll
0x00007ff814fd0000 - 0x00007ff815025000 	C:\WINDOWS\System32\shlwapi.dll
0x00007ff813df0000 - 0x00007ff813e0f000 	C:\WINDOWS\SYSTEM32\profapi.dll
0x00007ffffbc30000 - 0x00007ffffbc49000 	C:\Users\ADMIN\.p2\pool\plugins\org.eclipse.justj.openjdk.hotspot.jre.full.win32.x86_64_14.0.2.v20200815-0932\jre\bin\net.dll
0x00007ff80e250000 - 0x00007ff80e35c000 	C:\WINDOWS\SYSTEM32\WINHTTP.dll
0x00007ff813590000 - 0x00007ff8135fa000 	C:\WINDOWS\system32\mswsock.dll
0x00007ffff66d0000 - 0x00007ffff66e2000 	C:\Users\ADMIN\.p2\pool\plugins\org.eclipse.justj.openjdk.hotspot.jre.full.win32.x86_64_14.0.2.v20200815-0932\jre\bin\nio.dll

dbghelp: loaded successfully - version: 4.0.5 - missing functions: none
symbol engine: initialized successfully - sym options: 0x614 - pdb path: .;C:\Users\ADMIN\.p2\pool\plugins\org.eclipse.justj.openjdk.hotspot.jre.full.win32.x86_64_14.0.2.v20200815-0932\jre\bin;C:\WINDOWS\SYSTEM32;C:\WINDOWS\WinSxS\amd64_microsoft.windows.common-controls_6595b64144ccf1df_6.0.19041.1110_none_60b5254171f9507e;C:\Users\ADMIN\.p2\pool\plugins\org.eclipse.justj.openjdk.hotspot.jre.full.win32.x86_64_14.0.2.v20200815-0932\jre\bin\server

VM Arguments:
jvm_args: -Dfile.encoding=UTF-8 -XX:+ShowCodeDetailsInExceptionMessages 
java_command: AS2_Main
java_class_path (initial): C:\Users\ADMIN\eclipse-workspace\CSD201_AS2_FX11718\bin
Launcher Type: SUN_STANDARD

[Global flags]
     intx CICompilerCount                          = 3                                         {product} {ergonomic}
     uint ConcGCThreads                            = 1                                         {product} {ergonomic}
     uint G1ConcRefinementThreads                  = 4                                         {product} {ergonomic}
   size_t G1HeapRegionSize                         = 1048576                                   {product} {ergonomic}
    uintx GCDrainStackTargetSize                   = 64                                        {product} {ergonomic}
   size_t InitialHeapSize                          = 81788928                                  {product} {ergonomic}
   size_t MarkStackSize                            = 4194304                                   {product} {ergonomic}
   size_t MaxHeapSize                              = 1308622848                                {product} {ergonomic}
   size_t MaxNewSize                               = 784334848                                 {product} {ergonomic}
   size_t MinHeapDeltaBytes                        = 1048576                                   {product} {ergonomic}
   size_t MinHeapSize                              = 8388608                                   {product} {ergonomic}
    uintx NonNMethodCodeHeapSize                   = 5832780                                {pd product} {ergonomic}
    uintx NonProfiledCodeHeapSize                  = 122912730                              {pd product} {ergonomic}
    uintx ProfiledCodeHeapSize                     = 122912730                              {pd product} {ergonomic}
    uintx ReservedCodeCacheSize                    = 251658240                              {pd product} {ergonomic}
     bool SegmentedCodeCache                       = true                                      {product} {ergonomic}
     bool ShowCodeDetailsInExceptionMessages       = true                                   {manageable} {command line}
   size_t SoftMaxHeapSize                          = 1308622848                             {manageable} {ergonomic}
     bool UseCompressedClassPointers               = true                                 {lp64_product} {ergonomic}
     bool UseCompressedOops                        = true                                 {lp64_product} {ergonomic}
     bool UseG1GC                                  = true                                      {product} {ergonomic}
     bool UseLargePagesIndividualAllocation        = false                                  {pd product} {ergonomic}

Logging:
Log output configuration:
 #0: stdout all=warning uptime,level,tags
 #1: stderr all=off uptime,level,tags

Environment Variables:
JAVA_HOME=C:\Program Files\Eclipse Foundation\jdk-11.0.12.7-hotspot\
PATH=D:/eclipse//plugins/org.eclipse.justj.openjdk.hotspot.jre.full.win32.x86_64_16.0.2.v20210721-1149/jre/bin/server;D:/eclipse//plugins/org.eclipse.justj.openjdk.hotspot.jre.full.win32.x86_64_16.0.2.v20210721-1149/jre/bin;C:\Program Files\Eclipse Foundation\jdk-11.0.12.7-hotspot\bin;C:\Windows\system32;C:\Windows;C:\Windows\System32\Wbem;C:\Windows\System32\WindowsPowerShell\v1.0\;C:\Windows\System32\OpenSSH\;C:\Users\ADMIN\AppData\Local\Microsoft\WindowsApps;C:\adb;C:\WINDOWS\system32;C:\WINDOWS;C:\WINDOWS\System32\Wbem;C:\WINDOWS\System32\WindowsPowerShell\v1.0\;C:\WINDOWS\System32\OpenSSH\;C:\Program Files\Eclipse Foundation\jdk-11.0.12.7-hotspot\\bin;C:\Users\ADMIN\AppData\Local\Microsoft\WindowsApps;;C:\Users\ADMIN\AppData\Local\Programs\Microsoft VS Code\bin;D:\eclipse;
USERNAME=ADMIN
OS=Windows_NT
PROCESSOR_IDENTIFIER=Intel64 Family 6 Model 58 Stepping 9, GenuineIntel



---------------  S Y S T E M  ---------------

OS: Windows 10 , 64 bit Build 19041 (10.0.19041.1348)
OS uptime: 0 days 13:45 hours

CPU:total 4 (initial active 4) (2 cores per cpu, 2 threads per core) family 6 model 58 stepping 9, cmov, cx8, fxsr, mmx, sse, sse2, sse3, ssse3, sse4.1, sse4.2, popcnt, avx, aes, clmul, erms, ht, tsc, tscinvbit, tscinv

Memory: 4k page, system-wide physical 4991M (994M free)
TotalPageFile size 12603M (AvailPageFile size 93M)
current process WorkingSet (physical memory assigned to process): 119M, peak: 119M
current process commit charge ("private bytes"): 185M, peak: 310M

vm_info: OpenJDK 64-Bit Server VM (14.0.2+12-46) for windows-amd64 JRE (14.0.2+12-46), built on Jul  9 2020 00:31:16 by "mach5one" with MS VC++ 15.9 (VS2017)

END.
